[0.477s] Invoking command in '/home/sezer/FENER/ros2_fener/build/fener_package': PYTHONPATH=/home/sezer/FENER/ros2_fener/install/fener_package/lib/python3.8/site-packages:${PYTHONPATH} /usr/bin/python3 setup.py develop --prefix /home/sezer/FENER/ros2_fener/install/fener_package --editable --build-directory /home/sezer/FENER/ros2_fener/build/fener_package/build --no-deps install_data --install-dir /home/sezer/FENER/ros2_fener/install/fener_package
[0.632s] running develop
[0.731s] running egg_info
[0.731s] writing fener_package.egg-info/PKG-INFO
[0.731s] writing dependency_links to fener_package.egg-info/dependency_links.txt
[0.732s] writing entry points to fener_package.egg-info/entry_points.txt
[0.732s] writing requirements to fener_package.egg-info/requires.txt
[0.732s] writing top-level names to fener_package.egg-info/top_level.txt
[0.753s] reading manifest file 'fener_package.egg-info/SOURCES.txt'
[0.753s] writing manifest file 'fener_package.egg-info/SOURCES.txt'
[0.774s] running build_ext
[0.774s] Creating /home/sezer/FENER/ros2_fener/install/fener_package/lib/python3.8/site-packages/fener-package.egg-link (link to .)
[0.775s] Installing bno055_pub script to /home/sezer/FENER/ros2_fener/install/fener_package/lib/fener_package
[0.775s] Installing driver script to /home/sezer/FENER/ros2_fener/install/fener_package/lib/fener_package
[0.775s] Installing lidar_pub script to /home/sezer/FENER/ros2_fener/install/fener_package/lib/fener_package
[0.776s] Installing object_detector script to /home/sezer/FENER/ros2_fener/install/fener_package/lib/fener_package
[0.776s] Installing solo_cam_pub script to /home/sezer/FENER/ros2_fener/install/fener_package/lib/fener_package
[0.776s] 
[0.776s] Installed /home/sezer/FENER/ros2_fener/build/fener_package
[0.776s] running install_data
[0.789s] Invoked command in '/home/sezer/FENER/ros2_fener/build/fener_package' returned '0': PYTHONPATH=/home/sezer/FENER/ros2_fener/install/fener_package/lib/python3.8/site-packages:${PYTHONPATH} /usr/bin/python3 setup.py develop --prefix /home/sezer/FENER/ros2_fener/install/fener_package --editable --build-directory /home/sezer/FENER/ros2_fener/build/fener_package/build --no-deps install_data --install-dir /home/sezer/FENER/ros2_fener/install/fener_package
