[1.735s] Invoking command in '/home/fener/ros2_fener/build/fener_package': PYTHONPATH=/home/fener/ros2_fener/install/fener_package/lib/python3.6/site-packages:${PYTHONPATH} /usr/bin/python3 setup.py develop --prefix /home/fener/ros2_fener/install/fener_package --uninstall --editable --build-directory /home/fener/ros2_fener/build/fener_package/build
[3.002s] /home/fener/.local/lib/python3.6/site-packages/setuptools/dist.py:700: UserWarning: Usage of dash-separated 'script-dir' will not be supported in future versions. Please use the underscore name 'script_dir' instead
[3.003s]   % (opt, underscore_opt))
[3.004s] /home/fener/.local/lib/python3.6/site-packages/setuptools/dist.py:700: UserWarning: Usage of dash-separated 'install-scripts' will not be supported in future versions. Please use the underscore name 'install_scripts' instead
[3.004s]   % (opt, underscore_opt))
[3.276s] running develop
[4.059s] Removing /home/fener/ros2_fener/install/fener_package/lib/python3.6/site-packages/fener-package.egg-link (link to .)
[4.182s] Invoked command in '/home/fener/ros2_fener/build/fener_package' returned '0': PYTHONPATH=/home/fener/ros2_fener/install/fener_package/lib/python3.6/site-packages:${PYTHONPATH} /usr/bin/python3 setup.py develop --prefix /home/fener/ros2_fener/install/fener_package --uninstall --editable --build-directory /home/fener/ros2_fener/build/fener_package/build
[4.186s] Invoking command in '/home/fener/ros2_fener/src/fener_package': PYTHONPATH=/home/fener/ros2_fener/install/fener_package/lib/python3.6/site-packages:${PYTHONPATH} /usr/bin/python3 setup.py egg_info --egg-base ../../build/fener_package build --build-base /home/fener/ros2_fener/build/fener_package/build install --prefix /home/fener/ros2_fener/install/fener_package --record /home/fener/ros2_fener/build/fener_package/install.log --single-version-externally-managed
[5.459s] /home/fener/.local/lib/python3.6/site-packages/setuptools/dist.py:700: UserWarning: Usage of dash-separated 'script-dir' will not be supported in future versions. Please use the underscore name 'script_dir' instead
[5.459s]   % (opt, underscore_opt))
[5.461s] /home/fener/.local/lib/python3.6/site-packages/setuptools/dist.py:700: UserWarning: Usage of dash-separated 'install-scripts' will not be supported in future versions. Please use the underscore name 'install_scripts' instead
[5.461s]   % (opt, underscore_opt))
[5.631s] running egg_info
[5.634s] writing ../../build/fener_package/fener_package.egg-info/PKG-INFO
[5.634s] writing dependency_links to ../../build/fener_package/fener_package.egg-info/dependency_links.txt
[5.635s] writing entry points to ../../build/fener_package/fener_package.egg-info/entry_points.txt
[5.636s] writing requirements to ../../build/fener_package/fener_package.egg-info/requires.txt
[5.637s] writing top-level names to ../../build/fener_package/fener_package.egg-info/top_level.txt
[5.923s] reading manifest file '../../build/fener_package/fener_package.egg-info/SOURCES.txt'
[5.931s] writing manifest file '../../build/fener_package/fener_package.egg-info/SOURCES.txt'
[5.931s] running build
[5.932s] running build_py
[5.937s] copying fener_package/fener_solo_cam_pub_node.py -> /home/fener/ros2_fener/build/fener_package/build/lib/fener_package
[5.937s] copying fener_package/fener_lidar_pub_node.py -> /home/fener/ros2_fener/build/fener_package/build/lib/fener_package
[5.938s] copying fener_package/fener_object_detector_node.py -> /home/fener/ros2_fener/build/fener_package/build/lib/fener_package
[5.939s] copying fener_package/fener_driver_node.py -> /home/fener/ros2_fener/build/fener_package/build/lib/fener_package
[5.940s] copying fener_package/fener_bno055_pub_node.py -> /home/fener/ros2_fener/build/fener_package/build/lib/fener_package
[5.940s] running install
[5.942s] running install_lib
[5.945s] creating /home/fener/ros2_fener/install/fener_package/lib/python3.6/site-packages/fener_package
[5.946s] copying /home/fener/ros2_fener/build/fener_package/build/lib/fener_package/__init__.py -> /home/fener/ros2_fener/install/fener_package/lib/python3.6/site-packages/fener_package
[5.946s] copying /home/fener/ros2_fener/build/fener_package/build/lib/fener_package/fener_solo_cam_pub_node.py -> /home/fener/ros2_fener/install/fener_package/lib/python3.6/site-packages/fener_package
[5.947s] copying /home/fener/ros2_fener/build/fener_package/build/lib/fener_package/fener_lidar_pub_node.py -> /home/fener/ros2_fener/install/fener_package/lib/python3.6/site-packages/fener_package
[5.947s] copying /home/fener/ros2_fener/build/fener_package/build/lib/fener_package/fener_object_detector_node.py -> /home/fener/ros2_fener/install/fener_package/lib/python3.6/site-packages/fener_package
[5.948s] copying /home/fener/ros2_fener/build/fener_package/build/lib/fener_package/fener_driver_node.py -> /home/fener/ros2_fener/install/fener_package/lib/python3.6/site-packages/fener_package
[5.948s] copying /home/fener/ros2_fener/build/fener_package/build/lib/fener_package/fener_bno055_pub_node.py -> /home/fener/ros2_fener/install/fener_package/lib/python3.6/site-packages/fener_package
[5.949s] byte-compiling /home/fener/ros2_fener/install/fener_package/lib/python3.6/site-packages/fener_package/__init__.py to __init__.cpython-36.pyc
[5.950s] byte-compiling /home/fener/ros2_fener/install/fener_package/lib/python3.6/site-packages/fener_package/fener_solo_cam_pub_node.py to fener_solo_cam_pub_node.cpython-36.pyc
[5.952s] byte-compiling /home/fener/ros2_fener/install/fener_package/lib/python3.6/site-packages/fener_package/fener_lidar_pub_node.py to fener_lidar_pub_node.cpython-36.pyc
[5.953s] byte-compiling /home/fener/ros2_fener/install/fener_package/lib/python3.6/site-packages/fener_package/fener_object_detector_node.py to fener_object_detector_node.cpython-36.pyc
[5.961s] byte-compiling /home/fener/ros2_fener/install/fener_package/lib/python3.6/site-packages/fener_package/fener_driver_node.py to fener_driver_node.cpython-36.pyc
[5.963s] byte-compiling /home/fener/ros2_fener/install/fener_package/lib/python3.6/site-packages/fener_package/fener_bno055_pub_node.py to fener_bno055_pub_node.cpython-36.pyc
[5.965s] running install_data
[5.972s] copying resource/fener_package -> /home/fener/ros2_fener/install/fener_package/share/ament_index/resource_index/packages
[5.972s] copying package.xml -> /home/fener/ros2_fener/install/fener_package/share/fener_package
[5.973s] running install_egg_info
[5.983s] Copying ../../build/fener_package/fener_package.egg-info to /home/fener/ros2_fener/install/fener_package/lib/python3.6/site-packages/fener_package-0.0.0-py3.6.egg-info
[5.990s] running install_scripts
[6.077s] Installing bno055_pub script to /home/fener/ros2_fener/install/fener_package/lib/fener_package
[6.078s] Installing driver script to /home/fener/ros2_fener/install/fener_package/lib/fener_package
[6.079s] Installing lidar_pub script to /home/fener/ros2_fener/install/fener_package/lib/fener_package
[6.079s] Installing object_detector script to /home/fener/ros2_fener/install/fener_package/lib/fener_package
[6.080s] Installing solo_cam_pub script to /home/fener/ros2_fener/install/fener_package/lib/fener_package
[6.081s] writing list of installed files to '/home/fener/ros2_fener/build/fener_package/install.log'
[6.193s] Invoked command in '/home/fener/ros2_fener/src/fener_package' returned '0': PYTHONPATH=/home/fener/ros2_fener/install/fener_package/lib/python3.6/site-packages:${PYTHONPATH} /usr/bin/python3 setup.py egg_info --egg-base ../../build/fener_package build --build-base /home/fener/ros2_fener/build/fener_package/build install --prefix /home/fener/ros2_fener/install/fener_package --record /home/fener/ros2_fener/build/fener_package/install.log --single-version-externally-managed
