[1.445s] DEBUG:colcon:Command line arguments: ['/usr/bin/colcon', 'build', '--symlink-install']
[1.445s] DEBUG:colcon:Parsed command line arguments: Namespace(ament_cmake_args=None, base_paths=['.'], build_base='build', catkin_cmake_args=None, catkin_skip_building_tests=False, cmake_args=None, cmake_clean_cache=False, cmake_clean_first=False, cmake_force_configure=False, cmake_target=None, cmake_target_skip_unavailable=False, continue_on_error=False, event_handlers=None, executor='parallel', ignore_user_meta=False, install_base='install', log_base=None, log_level=None, main=<bound method BuildVerb.main of <colcon_core.verb.build.BuildVerb object at 0x7f9d510fd0>>, merge_install=False, metas=['./colcon.meta'], packages_above=None, packages_above_and_dependencies=None, packages_above_depth=None, packages_end=None, packages_ignore=None, packages_ignore_regex=None, packages_select=None, packages_select_build_failed=False, packages_select_by_dep=None, packages_select_regex=None, packages_select_test_failures=False, packages_skip=None, packages_skip_build_finished=False, packages_skip_by_dep=None, packages_skip_regex=None, packages_skip_test_passed=False, packages_skip_up_to=None, packages_start=None, packages_up_to=None, packages_up_to_regex=None, parallel_workers=4, paths=None, symlink_install=True, test_result_base=None, verb_extension=<colcon_core.verb.build.BuildVerb object at 0x7f9d510fd0>, verb_name='build', verb_parser=<colcon_defaults.argument_parser.defaults.DefaultArgumentsDecorator object at 0x7f9d456358>)
[1.488s] Level 1:colcon.colcon_core.package_discovery:discover_packages(colcon_meta) check parameters
[1.489s] Level 1:colcon.colcon_core.package_discovery:discover_packages(recursive) check parameters
[1.489s] Level 1:colcon.colcon_core.package_discovery:discover_packages(ignore) check parameters
[1.489s] Level 1:colcon.colcon_core.package_discovery:discover_packages(path) check parameters
[1.490s] Level 1:colcon.colcon_core.package_discovery:discover_packages(colcon_meta) discover
[1.491s] Level 1:colcon.colcon_core.package_discovery:discover_packages(recursive) discover
[1.491s] INFO:colcon.colcon_core.package_discovery:Crawling recursively for packages in '/home/fener/ros2_fener'
[1.492s] Level 1:colcon.colcon_core.package_identification:_identify(.) by extensions ['ignore', 'ignore_ament_install']
[1.492s] Level 1:colcon.colcon_core.package_identification:_identify(.) by extension 'ignore'
[1.492s] Level 1:colcon.colcon_core.package_identification:_identify(.) by extension 'ignore_ament_install'
[1.493s] Level 1:colcon.colcon_core.package_identification:_identify(.) by extensions ['colcon_pkg']
[1.493s] Level 1:colcon.colcon_core.package_identification:_identify(.) by extension 'colcon_pkg'
[1.493s] Level 1:colcon.colcon_core.package_identification:_identify(.) by extensions ['colcon_meta']
[1.493s] Level 1:colcon.colcon_core.package_identification:_identify(.) by extension 'colcon_meta'
[1.494s] Level 1:colcon.colcon_core.package_identification:_identify(.) by extensions ['ros']
[1.494s] Level 1:colcon.colcon_core.package_identification:_identify(.) by extension 'ros'
[1.551s] Level 1:colcon.colcon_core.package_identification:_identify(.) by extensions ['cmake', 'python']
[1.551s] Level 1:colcon.colcon_core.package_identification:_identify(.) by extension 'cmake'
[1.551s] Level 1:colcon.colcon_core.package_identification:_identify(.) by extension 'python'
[1.552s] Level 1:colcon.colcon_core.package_identification:_identify(.) by extensions ['python_setup_py']
[1.552s] Level 1:colcon.colcon_core.package_identification:_identify(.) by extension 'python_setup_py'
[1.552s] Level 1:colcon.colcon_core.package_identification:_identify(build) by extensions ['ignore', 'ignore_ament_install']
[1.553s] Level 1:colcon.colcon_core.package_identification:_identify(build) by extension 'ignore'
[1.553s] Level 1:colcon.colcon_core.package_identification:_identify(build) ignored
[1.555s] Level 1:colcon.colcon_core.package_identification:_identify(install) by extensions ['ignore', 'ignore_ament_install']
[1.555s] Level 1:colcon.colcon_core.package_identification:_identify(install) by extension 'ignore'
[1.556s] Level 1:colcon.colcon_core.package_identification:_identify(install) ignored
[1.556s] Level 1:colcon.colcon_core.package_identification:_identify(log) by extensions ['ignore', 'ignore_ament_install']
[1.557s] Level 1:colcon.colcon_core.package_identification:_identify(log) by extension 'ignore'
[1.557s] Level 1:colcon.colcon_core.package_identification:_identify(log) ignored
[1.557s] Level 1:colcon.colcon_core.package_identification:_identify(src) by extensions ['ignore', 'ignore_ament_install']
[1.558s] Level 1:colcon.colcon_core.package_identification:_identify(src) by extension 'ignore'
[1.558s] Level 1:colcon.colcon_core.package_identification:_identify(src) by extension 'ignore_ament_install'
[1.558s] Level 1:colcon.colcon_core.package_identification:_identify(src) by extensions ['colcon_pkg']
[1.559s] Level 1:colcon.colcon_core.package_identification:_identify(src) by extension 'colcon_pkg'
[1.559s] Level 1:colcon.colcon_core.package_identification:_identify(src) by extensions ['colcon_meta']
[1.559s] Level 1:colcon.colcon_core.package_identification:_identify(src) by extension 'colcon_meta'
[1.559s] Level 1:colcon.colcon_core.package_identification:_identify(src) by extensions ['ros']
[1.559s] Level 1:colcon.colcon_core.package_identification:_identify(src) by extension 'ros'
[1.560s] Level 1:colcon.colcon_core.package_identification:_identify(src) by extensions ['cmake', 'python']
[1.560s] Level 1:colcon.colcon_core.package_identification:_identify(src) by extension 'cmake'
[1.560s] Level 1:colcon.colcon_core.package_identification:_identify(src) by extension 'python'
[1.561s] Level 1:colcon.colcon_core.package_identification:_identify(src) by extensions ['python_setup_py']
[1.561s] Level 1:colcon.colcon_core.package_identification:_identify(src) by extension 'python_setup_py'
[1.565s] Level 1:colcon.colcon_core.package_identification:_identify(src/build) by extensions ['ignore', 'ignore_ament_install']
[1.566s] Level 1:colcon.colcon_core.package_identification:_identify(src/build) by extension 'ignore'
[1.566s] Level 1:colcon.colcon_core.package_identification:_identify(src/build) ignored
[1.566s] Level 1:colcon.colcon_core.package_identification:_identify(src/fener_package) by extensions ['ignore', 'ignore_ament_install']
[1.567s] Level 1:colcon.colcon_core.package_identification:_identify(src/fener_package) by extension 'ignore'
[1.567s] Level 1:colcon.colcon_core.package_identification:_identify(src/fener_package) by extension 'ignore_ament_install'
[1.568s] Level 1:colcon.colcon_core.package_identification:_identify(src/fener_package) by extensions ['colcon_pkg']
[1.568s] Level 1:colcon.colcon_core.package_identification:_identify(src/fener_package) by extension 'colcon_pkg'
[1.568s] Level 1:colcon.colcon_core.package_identification:_identify(src/fener_package) by extensions ['colcon_meta']
[1.568s] Level 1:colcon.colcon_core.package_identification:_identify(src/fener_package) by extension 'colcon_meta'
[1.568s] Level 1:colcon.colcon_core.package_identification:_identify(src/fener_package) by extensions ['ros']
[1.569s] Level 1:colcon.colcon_core.package_identification:_identify(src/fener_package) by extension 'ros'
[1.583s] DEBUG:colcon.colcon_core.package_identification:Package 'src/fener_package' with type 'ros.ament_python' and name 'fener_package'
[1.586s] Level 1:colcon.colcon_core.package_identification:_identify(src/install) by extensions ['ignore', 'ignore_ament_install']
[1.587s] Level 1:colcon.colcon_core.package_identification:_identify(src/install) by extension 'ignore'
[1.587s] Level 1:colcon.colcon_core.package_identification:_identify(src/install) ignored
[1.588s] Level 1:colcon.colcon_core.package_identification:_identify(src/log) by extensions ['ignore', 'ignore_ament_install']
[1.588s] Level 1:colcon.colcon_core.package_identification:_identify(src/log) by extension 'ignore'
[1.589s] Level 1:colcon.colcon_core.package_identification:_identify(src/log) ignored
[1.589s] Level 1:colcon.colcon_core.package_discovery:discover_packages(recursive) using defaults
[1.590s] Level 1:colcon.colcon_core.package_discovery:discover_packages(ignore) discover
[1.590s] Level 1:colcon.colcon_core.package_discovery:discover_packages(ignore) using defaults
[1.590s] Level 1:colcon.colcon_core.package_discovery:discover_packages(path) discover
[1.590s] Level 1:colcon.colcon_core.package_discovery:discover_packages(path) using defaults
[1.749s] Level 5:colcon.colcon_core.verb:set package 'fener_package' build argument 'cmake_args' from command line to 'None'
[1.750s] Level 5:colcon.colcon_core.verb:set package 'fener_package' build argument 'cmake_target' from command line to 'None'
[1.750s] Level 5:colcon.colcon_core.verb:set package 'fener_package' build argument 'cmake_target_skip_unavailable' from command line to 'False'
[1.750s] Level 5:colcon.colcon_core.verb:set package 'fener_package' build argument 'cmake_clean_cache' from command line to 'False'
[1.750s] Level 5:colcon.colcon_core.verb:set package 'fener_package' build argument 'cmake_clean_first' from command line to 'False'
[1.750s] Level 5:colcon.colcon_core.verb:set package 'fener_package' build argument 'cmake_force_configure' from command line to 'False'
[1.751s] Level 5:colcon.colcon_core.verb:set package 'fener_package' build argument 'ament_cmake_args' from command line to 'None'
[1.751s] Level 5:colcon.colcon_core.verb:set package 'fener_package' build argument 'catkin_cmake_args' from command line to 'None'
[1.751s] Level 5:colcon.colcon_core.verb:set package 'fener_package' build argument 'catkin_skip_building_tests' from command line to 'False'
[1.751s] DEBUG:colcon.colcon_core.verb:Building package 'fener_package' with the following arguments: {'ament_cmake_args': None, 'build_base': '/home/fener/ros2_fener/build/fener_package', 'catkin_cmake_args': None, 'catkin_skip_building_tests': False, 'cmake_args': None, 'cmake_clean_cache': False, 'cmake_clean_first': False, 'cmake_force_configure': False, 'cmake_target': None, 'cmake_target_skip_unavailable': False, 'install_base': '/home/fener/ros2_fener/install/fener_package', 'merge_install': False, 'path': '/home/fener/ros2_fener/src/fener_package', 'symlink_install': True, 'test_result_base': None}
[1.753s] INFO:colcon.colcon_core.executor:Executing jobs using 'parallel' executor
[1.767s] DEBUG:colcon.colcon_parallel_executor.executor.parallel:run_until_complete
[1.768s] INFO:colcon.colcon_ros.task.ament_python.build:Building ROS package in '/home/fener/ros2_fener/src/fener_package' with build type 'ament_python'
[1.768s] Level 1:colcon.colcon_core.shell:create_environment_hook('fener_package', 'ament_prefix_path')
[1.849s] INFO:colcon.colcon_core.plugin_system:Skipping extension 'colcon_core.shell.bat': Not used on non-Windows systems
[1.850s] INFO:colcon.colcon_core.shell:Creating environment hook '/home/fener/ros2_fener/install/fener_package/share/fener_package/hook/ament_prefix_path.ps1'
[1.857s] INFO:colcon.colcon_core.shell:Creating environment descriptor '/home/fener/ros2_fener/install/fener_package/share/fener_package/hook/ament_prefix_path.dsv'
[1.861s] INFO:colcon.colcon_core.shell:Creating environment hook '/home/fener/ros2_fener/install/fener_package/share/fener_package/hook/ament_prefix_path.sh'
[1.871s] INFO:colcon.colcon_core.shell:Skip shell extension 'powershell' for command environment: Not usable outside of PowerShell
[1.871s] DEBUG:colcon.colcon_core.shell:Skip shell extension 'dsv' for command environment
[1.895s] DEBUG:colcon.colcon_core.shell:Ignoring prefix path '/opt/ros/eloquent'
[3.410s] INFO:colcon.colcon_core.task.python.build:Building Python package in '/home/fener/ros2_fener/src/fener_package'
[3.414s] INFO:colcon.colcon_core.shell:Skip shell extension 'powershell' for command environment: Not usable outside of PowerShell
[3.415s] DEBUG:colcon.colcon_core.shell:Skip shell extension 'dsv' for command environment
[3.427s] DEBUG:colcon.colcon_core.shell:Ignoring prefix path '/opt/ros/eloquent'
[3.449s] DEBUG:colcon.colcon_core.task.python.build:While undoing a previous installation files outside the Python library path are being ignored: /home/fener/ros2_fener/install/fener_package/share/ament_index/resource_index/packages/fener_package
[3.450s] DEBUG:colcon.colcon_core.task.python.build:While undoing a previous installation files outside the Python library path are being ignored: /home/fener/ros2_fener/install/fener_package/share/fener_package/package.xml
[3.451s] DEBUG:colcon.colcon_core.task.python.build:While undoing a previous installation files outside the Python library path are being ignored: /home/fener/ros2_fener/install/fener_package/lib/fener_package/bno055_pub
[3.451s] DEBUG:colcon.colcon_core.task.python.build:While undoing a previous installation files outside the Python library path are being ignored: /home/fener/ros2_fener/install/fener_package/lib/fener_package/driver
[3.451s] DEBUG:colcon.colcon_core.task.python.build:While undoing a previous installation files outside the Python library path are being ignored: /home/fener/ros2_fener/install/fener_package/lib/fener_package/lidar_pub
[3.451s] DEBUG:colcon.colcon_core.task.python.build:While undoing a previous installation files outside the Python library path are being ignored: /home/fener/ros2_fener/install/fener_package/lib/fener_package/object_detector
[3.452s] DEBUG:colcon.colcon_core.task.python.build:While undoing a previous installation files outside the Python library path are being ignored: /home/fener/ros2_fener/install/fener_package/lib/fener_package/solo_cam_pub
[3.460s] DEBUG:colcon.colcon_core.event_handler.log_command:Invoking command in '/home/fener/ros2_fener/build/fener_package': PYTHONPATH=/home/fener/ros2_fener/install/fener_package/lib/python3.6/site-packages:${PYTHONPATH} /usr/bin/python3 setup.py develop --prefix /home/fener/ros2_fener/install/fener_package --editable --build-directory /home/fener/ros2_fener/build/fener_package/build --no-deps install_data --install-dir /home/fener/ros2_fener/install/fener_package
[6.434s] Level 1:colcon.colcon_core.shell:create_environment_hook('fener_package', 'pythonpath_develop')
[6.439s] INFO:colcon.colcon_core.shell:Creating environment hook '/home/fener/ros2_fener/build/fener_package/share/fener_package/hook/pythonpath_develop.ps1'
[6.442s] DEBUG:colcon.colcon_core.event_handler.log_command:Invoked command in '/home/fener/ros2_fener/build/fener_package' returned '0': PYTHONPATH=/home/fener/ros2_fener/install/fener_package/lib/python3.6/site-packages:${PYTHONPATH} /usr/bin/python3 setup.py develop --prefix /home/fener/ros2_fener/install/fener_package --editable --build-directory /home/fener/ros2_fener/build/fener_package/build --no-deps install_data --install-dir /home/fener/ros2_fener/install/fener_package
[6.446s] INFO:colcon.colcon_core.shell:Creating environment descriptor '/home/fener/ros2_fener/build/fener_package/share/fener_package/hook/pythonpath_develop.dsv'
[6.447s] INFO:colcon.colcon_core.shell:Creating environment hook '/home/fener/ros2_fener/build/fener_package/share/fener_package/hook/pythonpath_develop.sh'
[6.478s] Level 1:colcon.colcon_core.environment:checking '/home/fener/ros2_fener/install/fener_package' for CMake module files
[6.481s] Level 1:colcon.colcon_core.environment:checking '/home/fener/ros2_fener/install/fener_package' for CMake config files
[6.485s] Level 1:colcon.colcon_core.environment:checking '/home/fener/ros2_fener/install/fener_package/lib'
[6.486s] Level 1:colcon.colcon_core.environment:checking '/home/fener/ros2_fener/install/fener_package/bin'
[6.486s] Level 1:colcon.colcon_core.environment:checking '/home/fener/ros2_fener/install/fener_package/lib/pkgconfig/fener_package.pc'
[6.487s] Level 1:colcon.colcon_core.environment:checking '/home/fener/ros2_fener/install/fener_package/lib/python3.6/site-packages'
[6.487s] Level 1:colcon.colcon_core.shell:create_environment_hook('fener_package', 'pythonpath')
[6.491s] INFO:colcon.colcon_core.shell:Creating environment hook '/home/fener/ros2_fener/install/fener_package/share/fener_package/hook/pythonpath.ps1'
[6.493s] INFO:colcon.colcon_core.shell:Creating environment descriptor '/home/fener/ros2_fener/install/fener_package/share/fener_package/hook/pythonpath.dsv'
[6.494s] INFO:colcon.colcon_core.shell:Creating environment hook '/home/fener/ros2_fener/install/fener_package/share/fener_package/hook/pythonpath.sh'
[6.497s] Level 1:colcon.colcon_core.environment:create_environment_scripts_only(fener_package)
[6.501s] INFO:colcon.colcon_core.shell:Creating package script '/home/fener/ros2_fener/install/fener_package/share/fener_package/package.ps1'
[6.507s] INFO:colcon.colcon_core.shell:Creating package descriptor '/home/fener/ros2_fener/install/fener_package/share/fener_package/package.dsv'
[6.513s] INFO:colcon.colcon_core.shell:Creating package script '/home/fener/ros2_fener/install/fener_package/share/fener_package/package.sh'
[6.518s] INFO:colcon.colcon_core.shell:Creating package script '/home/fener/ros2_fener/install/fener_package/share/fener_package/package.bash'
[6.528s] INFO:colcon.colcon_core.shell:Creating package script '/home/fener/ros2_fener/install/fener_package/share/fener_package/package.zsh'
[6.533s] Level 1:colcon.colcon_core.environment:create_file_with_runtime_dependencies(/home/fener/ros2_fener/install/fener_package/share/colcon-core/packages/fener_package)
[6.535s] DEBUG:colcon.colcon_parallel_executor.executor.parallel:closing loop
[6.537s] DEBUG:colcon.colcon_parallel_executor.executor.parallel:loop closed
[6.538s] DEBUG:colcon.colcon_parallel_executor.executor.parallel:run_until_complete finished with '0'
[6.538s] DEBUG:colcon.colcon_core.event_reactor:joining thread
[6.571s] INFO:colcon.colcon_core.plugin_system:Skipping extension 'colcon_notification.desktop_notification.terminal_notifier': Not used on non-Darwin systems
[6.571s] INFO:colcon.colcon_core.plugin_system:Skipping extension 'colcon_notification.desktop_notification.win32': Not used on non-Windows systems
[6.571s] INFO:colcon.colcon_notification.desktop_notification:Sending desktop notification using 'notify2'
[6.637s] DEBUG:colcon.colcon_core.event_reactor:joined thread
[6.642s] INFO:colcon.colcon_core.shell:Creating prefix script '/home/fener/ros2_fener/install/local_setup.ps1'
[6.650s] INFO:colcon.colcon_core.shell:Creating prefix util module '/home/fener/ros2_fener/install/_local_setup_util_ps1.py'
[6.660s] INFO:colcon.colcon_core.shell:Creating prefix chain script '/home/fener/ros2_fener/install/setup.ps1'
[6.679s] INFO:colcon.colcon_core.shell:Creating prefix script '/home/fener/ros2_fener/install/local_setup.sh'
[6.682s] INFO:colcon.colcon_core.shell:Creating prefix util module '/home/fener/ros2_fener/install/_local_setup_util_sh.py'
[6.685s] INFO:colcon.colcon_core.shell:Creating prefix chain script '/home/fener/ros2_fener/install/setup.sh'
[6.705s] INFO:colcon.colcon_core.shell:Creating prefix script '/home/fener/ros2_fener/install/local_setup.bash'
[6.709s] INFO:colcon.colcon_core.shell:Creating prefix chain script '/home/fener/ros2_fener/install/setup.bash'
[6.728s] INFO:colcon.colcon_core.shell:Creating prefix script '/home/fener/ros2_fener/install/local_setup.zsh'
[6.731s] INFO:colcon.colcon_core.shell:Creating prefix chain script '/home/fener/ros2_fener/install/setup.zsh'
