running develop
Removing /home/sezer/FENER/ros2_fener/install/fener_package/lib/python3.8/site-packages/fener-package.egg-link (link to .)
running egg_info
writing ../../build/fener_package/fener_package.egg-info/PKG-INFO
writing dependency_links to ../../build/fener_package/fener_package.egg-info/dependency_links.txt
writing entry points to ../../build/fener_package/fener_package.egg-info/entry_points.txt
writing requirements to ../../build/fener_package/fener_package.egg-info/requires.txt
writing top-level names to ../../build/fener_package/fener_package.egg-info/top_level.txt
reading manifest file '../../build/fener_package/fener_package.egg-info/SOURCES.txt'
writing manifest file '../../build/fener_package/fener_package.egg-info/SOURCES.txt'
running build
running build_py
copying fener_package/fener_arduino_comm.py -> /home/sezer/FENER/ros2_fener/build/fener_package/build/lib/fener_package
copying fener_package/fener_solo_cam_pub_node.py -> /home/sezer/FENER/ros2_fener/build/fener_package/build/lib/fener_package
copying fener_package/fener_lidar_pub_node.py -> /home/sezer/FENER/ros2_fener/build/fener_package/build/lib/fener_package
running install
running install_lib
creating /home/sezer/FENER/ros2_fener/install/fener_package/lib/python3.8/site-packages/fener_package
copying /home/sezer/FENER/ros2_fener/build/fener_package/build/lib/fener_package/fener_arduino_comm.py -> /home/sezer/FENER/ros2_fener/install/fener_package/lib/python3.8/site-packages/fener_package
copying /home/sezer/FENER/ros2_fener/build/fener_package/build/lib/fener_package/fener_driver_node.py -> /home/sezer/FENER/ros2_fener/install/fener_package/lib/python3.8/site-packages/fener_package
copying /home/sezer/FENER/ros2_fener/build/fener_package/build/lib/fener_package/__init__.py -> /home/sezer/FENER/ros2_fener/install/fener_package/lib/python3.8/site-packages/fener_package
copying /home/sezer/FENER/ros2_fener/build/fener_package/build/lib/fener_package/fener_object_detector_node.py -> /home/sezer/FENER/ros2_fener/install/fener_package/lib/python3.8/site-packages/fener_package
copying /home/sezer/FENER/ros2_fener/build/fener_package/build/lib/fener_package/fener_solo_cam_pub_node.py -> /home/sezer/FENER/ros2_fener/install/fener_package/lib/python3.8/site-packages/fener_package
copying /home/sezer/FENER/ros2_fener/build/fener_package/build/lib/fener_package/fener_lidar_pub_node.py -> /home/sezer/FENER/ros2_fener/install/fener_package/lib/python3.8/site-packages/fener_package
copying /home/sezer/FENER/ros2_fener/build/fener_package/build/lib/fener_package/fener_bno055_pub_node.py -> /home/sezer/FENER/ros2_fener/install/fener_package/lib/python3.8/site-packages/fener_package
byte-compiling /home/sezer/FENER/ros2_fener/install/fener_package/lib/python3.8/site-packages/fener_package/fener_arduino_comm.py to fener_arduino_comm.cpython-38.pyc
byte-compiling /home/sezer/FENER/ros2_fener/install/fener_package/lib/python3.8/site-packages/fener_package/fener_driver_node.py to fener_driver_node.cpython-38.pyc
byte-compiling /home/sezer/FENER/ros2_fener/install/fener_package/lib/python3.8/site-packages/fener_package/__init__.py to __init__.cpython-38.pyc
byte-compiling /home/sezer/FENER/ros2_fener/install/fener_package/lib/python3.8/site-packages/fener_package/fener_object_detector_node.py to fener_object_detector_node.cpython-38.pyc
byte-compiling /home/sezer/FENER/ros2_fener/install/fener_package/lib/python3.8/site-packages/fener_package/fener_solo_cam_pub_node.py to fener_solo_cam_pub_node.cpython-38.pyc
byte-compiling /home/sezer/FENER/ros2_fener/install/fener_package/lib/python3.8/site-packages/fener_package/fener_lidar_pub_node.py to fener_lidar_pub_node.cpython-38.pyc
byte-compiling /home/sezer/FENER/ros2_fener/install/fener_package/lib/python3.8/site-packages/fener_package/fener_bno055_pub_node.py to fener_bno055_pub_node.cpython-38.pyc
running install_data
running install_egg_info
Copying ../../build/fener_package/fener_package.egg-info to /home/sezer/FENER/ros2_fener/install/fener_package/lib/python3.8/site-packages/fener_package-0.0.0-py3.8.egg-info
running install_scripts
Installing bno055_pub script to /home/sezer/FENER/ros2_fener/install/fener_package/lib/fener_package
Installing driver script to /home/sezer/FENER/ros2_fener/install/fener_package/lib/fener_package
Installing lidar_pub script to /home/sezer/FENER/ros2_fener/install/fener_package/lib/fener_package
Installing object_detector script to /home/sezer/FENER/ros2_fener/install/fener_package/lib/fener_package
Installing solo_cam_pub script to /home/sezer/FENER/ros2_fener/install/fener_package/lib/fener_package
writing list of installed files to '/home/sezer/FENER/ros2_fener/build/fener_package/install.log'
