[1.689s] Invoking command in '/home/fener/ros2_fener/build/fener_package': PYTHONPATH=/home/fener/ros2_fener/install/fener_package/lib/python3.6/site-packages:${PYTHONPATH} /usr/bin/python3 setup.py develop --prefix /home/fener/ros2_fener/install/fener_package --editable --build-directory /home/fener/ros2_fener/build/fener_package/build --no-deps install_data --install-dir /home/fener/ros2_fener/install/fener_package
[2.951s] /home/fener/.local/lib/python3.6/site-packages/setuptools/dist.py:700: UserWarning: Usage of dash-separated 'script-dir' will not be supported in future versions. Please use the underscore name 'script_dir' instead
[2.952s]   % (opt, underscore_opt))
[2.953s] /home/fener/.local/lib/python3.6/site-packages/setuptools/dist.py:700: UserWarning: Usage of dash-separated 'install-scripts' will not be supported in future versions. Please use the underscore name 'install_scripts' instead
[2.953s]   % (opt, underscore_opt))
[3.226s] running develop
[3.981s] running egg_info
[3.982s] writing fener_package.egg-info/PKG-INFO
[3.986s] writing dependency_links to fener_package.egg-info/dependency_links.txt
[3.987s] writing entry points to fener_package.egg-info/entry_points.txt
[3.988s] writing requirements to fener_package.egg-info/requires.txt
[3.988s] writing top-level names to fener_package.egg-info/top_level.txt
[4.176s] reading manifest file 'fener_package.egg-info/SOURCES.txt'
[4.182s] writing manifest file 'fener_package.egg-info/SOURCES.txt'
[4.518s] running build_ext
[4.519s] Creating /home/fener/ros2_fener/install/fener_package/lib/python3.6/site-packages/fener-package.egg-link (link to .)
[4.522s] Installing bno055_pub script to /home/fener/ros2_fener/install/fener_package/lib/fener_package
[4.523s] Installing driver script to /home/fener/ros2_fener/install/fener_package/lib/fener_package
[4.524s] Installing lidar_pub script to /home/fener/ros2_fener/install/fener_package/lib/fener_package
[4.525s] Installing object_detector script to /home/fener/ros2_fener/install/fener_package/lib/fener_package
[4.525s] Installing solo_cam_pub script to /home/fener/ros2_fener/install/fener_package/lib/fener_package
[4.526s] 
[4.527s] Installed /home/fener/ros2_fener/build/fener_package
[4.527s] running install_data
[4.671s] Invoked command in '/home/fener/ros2_fener/build/fener_package' returned '0': PYTHONPATH=/home/fener/ros2_fener/install/fener_package/lib/python3.6/site-packages:${PYTHONPATH} /usr/bin/python3 setup.py develop --prefix /home/fener/ros2_fener/install/fener_package --editable --build-directory /home/fener/ros2_fener/build/fener_package/build --no-deps install_data --install-dir /home/fener/ros2_fener/install/fener_package
