running develop
running egg_info
writing ../../build/fener_package/fener_package.egg-info/PKG-INFO
writing dependency_links to ../../build/fener_package/fener_package.egg-info/dependency_links.txt
writing entry points to ../../build/fener_package/fener_package.egg-info/entry_points.txt
writing requirements to ../../build/fener_package/fener_package.egg-info/requires.txt
writing top-level names to ../../build/fener_package/fener_package.egg-info/top_level.txt
reading manifest file '../../build/fener_package/fener_package.egg-info/SOURCES.txt'
writing manifest file '../../build/fener_package/fener_package.egg-info/SOURCES.txt'
running build
running build_py
running install
running install_lib
running install_data
copying launch/fener_TF.launch.py -> /home/sezer/FENER/ros2_fener/install/fener_package/share/fener_package
running install_egg_info
removing '/home/sezer/FENER/ros2_fener/install/fener_package/lib/python3.8/site-packages/fener_package-0.0.0-py3.8.egg-info' (and everything under it)
Copying ../../build/fener_package/fener_package.egg-info to /home/sezer/FENER/ros2_fener/install/fener_package/lib/python3.8/site-packages/fener_package-0.0.0-py3.8.egg-info
running install_scripts
Installing bno055_pub script to /home/sezer/FENER/ros2_fener/install/fener_package/lib/fener_package
Installing driver script to /home/sezer/FENER/ros2_fener/install/fener_package/lib/fener_package
Installing lidar_pub script to /home/sezer/FENER/ros2_fener/install/fener_package/lib/fener_package
Installing object_detector script to /home/sezer/FENER/ros2_fener/install/fener_package/lib/fener_package
Installing solo_cam_pub script to /home/sezer/FENER/ros2_fener/install/fener_package/lib/fener_package
writing list of installed files to '/home/sezer/FENER/ros2_fener/build/fener_package/install.log'
