[0.475s] Invoking command in '/home/sezer/FENER/ros2_fener/build/fener_package': PYTHONPATH=/home/sezer/FENER/ros2_fener/install/fener_package/lib/python3.8/site-packages:${PYTHONPATH} /usr/bin/python3 setup.py develop --prefix /home/sezer/FENER/ros2_fener/install/fener_package --uninstall --editable --build-directory /home/sezer/FENER/ros2_fener/build/fener_package/build
[0.633s] running develop
[0.744s] Invoked command in '/home/sezer/FENER/ros2_fener/build/fener_package' returned '0': PYTHONPATH=/home/sezer/FENER/ros2_fener/install/fener_package/lib/python3.8/site-packages:${PYTHONPATH} /usr/bin/python3 setup.py develop --prefix /home/sezer/FENER/ros2_fener/install/fener_package --uninstall --editable --build-directory /home/sezer/FENER/ros2_fener/build/fener_package/build
[0.745s] Invoking command in '/home/sezer/FENER/ros2_fener/src/fener_package': PYTHONPATH=/home/sezer/FENER/ros2_fener/install/fener_package/lib/python3.8/site-packages:${PYTHONPATH} /usr/bin/python3 setup.py egg_info --egg-base ../../build/fener_package build --build-base /home/sezer/FENER/ros2_fener/build/fener_package/build install --prefix /home/sezer/FENER/ros2_fener/install/fener_package --record /home/sezer/FENER/ros2_fener/build/fener_package/install.log --single-version-externally-managed
[0.889s] running egg_info
[0.890s] writing ../../build/fener_package/fener_package.egg-info/PKG-INFO
[0.890s] writing dependency_links to ../../build/fener_package/fener_package.egg-info/dependency_links.txt
[0.890s] writing entry points to ../../build/fener_package/fener_package.egg-info/entry_points.txt
[0.890s] writing requirements to ../../build/fener_package/fener_package.egg-info/requires.txt
[0.890s] writing top-level names to ../../build/fener_package/fener_package.egg-info/top_level.txt
[0.912s] reading manifest file '../../build/fener_package/fener_package.egg-info/SOURCES.txt'
[0.913s] writing manifest file '../../build/fener_package/fener_package.egg-info/SOURCES.txt'
[0.913s] running build
[0.913s] running build_py
[0.913s] running install
[0.914s] running install_lib
[0.915s] running install_data
[0.915s] copying launch/fener_TF.launch.py -> /home/sezer/FENER/ros2_fener/install/fener_package/share/fener_package
[0.915s] running install_egg_info
[0.916s] removing '/home/sezer/FENER/ros2_fener/install/fener_package/lib/python3.8/site-packages/fener_package-0.0.0-py3.8.egg-info' (and everything under it)
[0.917s] Copying ../../build/fener_package/fener_package.egg-info to /home/sezer/FENER/ros2_fener/install/fener_package/lib/python3.8/site-packages/fener_package-0.0.0-py3.8.egg-info
[0.917s] running install_scripts
[0.927s] Installing bno055_pub script to /home/sezer/FENER/ros2_fener/install/fener_package/lib/fener_package
[0.927s] Installing driver script to /home/sezer/FENER/ros2_fener/install/fener_package/lib/fener_package
[0.928s] Installing lidar_pub script to /home/sezer/FENER/ros2_fener/install/fener_package/lib/fener_package
[0.928s] Installing object_detector script to /home/sezer/FENER/ros2_fener/install/fener_package/lib/fener_package
[0.928s] Installing solo_cam_pub script to /home/sezer/FENER/ros2_fener/install/fener_package/lib/fener_package
[0.928s] writing list of installed files to '/home/sezer/FENER/ros2_fener/build/fener_package/install.log'
[0.940s] Invoked command in '/home/sezer/FENER/ros2_fener/src/fener_package' returned '0': PYTHONPATH=/home/sezer/FENER/ros2_fener/install/fener_package/lib/python3.8/site-packages:${PYTHONPATH} /usr/bin/python3 setup.py egg_info --egg-base ../../build/fener_package build --build-base /home/sezer/FENER/ros2_fener/build/fener_package/build install --prefix /home/sezer/FENER/ros2_fener/install/fener_package --record /home/sezer/FENER/ros2_fener/build/fener_package/install.log --single-version-externally-managed
