/home/fener/.local/lib/python3.6/site-packages/setuptools/dist.py:700: UserWarning: Usage of dash-separated 'script-dir' will not be supported in future versions. Please use the underscore name 'script_dir' instead
  % (opt, underscore_opt))
/home/fener/.local/lib/python3.6/site-packages/setuptools/dist.py:700: UserWarning: Usage of dash-separated 'install-scripts' will not be supported in future versions. Please use the underscore name 'install_scripts' instead
  % (opt, underscore_opt))
running develop
running egg_info
writing fener_package.egg-info/PKG-INFO
writing dependency_links to fener_package.egg-info/dependency_links.txt
writing entry points to fener_package.egg-info/entry_points.txt
writing requirements to fener_package.egg-info/requires.txt
writing top-level names to fener_package.egg-info/top_level.txt
reading manifest file 'fener_package.egg-info/SOURCES.txt'
writing manifest file 'fener_package.egg-info/SOURCES.txt'
running build_ext
Creating /home/fener/ros2_fener/install/fener_package/lib/python3.6/site-packages/fener-package.egg-link (link to .)
Installing bno055_pub script to /home/fener/ros2_fener/install/fener_package/lib/fener_package
Installing driver script to /home/fener/ros2_fener/install/fener_package/lib/fener_package
Installing lidar_pub script to /home/fener/ros2_fener/install/fener_package/lib/fener_package
Installing object_detector script to /home/fener/ros2_fener/install/fener_package/lib/fener_package
Installing solo_cam_pub script to /home/fener/ros2_fener/install/fener_package/lib/fener_package

Installed /home/fener/ros2_fener/build/fener_package
running install_data
