[1.627s] Invoking command in '/home/fener/ros2_fener/build/fener_package': PYTHONPATH=/home/fener/ros2_fener/install/fener_package/lib/python3.6/site-packages:${PYTHONPATH} /usr/bin/python3 setup.py develop --prefix /home/fener/ros2_fener/install/fener_package --editable --build-directory /home/fener/ros2_fener/build/fener_package/build --no-deps install_data --install-dir /home/fener/ros2_fener/install/fener_package
[2.856s] /home/fener/.local/lib/python3.6/site-packages/setuptools/dist.py:700: UserWarning: Usage of dash-separated 'script-dir' will not be supported in future versions. Please use the underscore name 'script_dir' instead
[2.857s]   % (opt, underscore_opt))
[2.858s] /home/fener/.local/lib/python3.6/site-packages/setuptools/dist.py:700: UserWarning: Usage of dash-separated 'install-scripts' will not be supported in future versions. Please use the underscore name 'install_scripts' instead
[2.858s]   % (opt, underscore_opt))
[3.100s] running develop
[3.833s] running egg_info
[3.834s] writing fener_package.egg-info/PKG-INFO
[3.835s] writing dependency_links to fener_package.egg-info/dependency_links.txt
[3.835s] writing entry points to fener_package.egg-info/entry_points.txt
[3.836s] writing requirements to fener_package.egg-info/requires.txt
[3.836s] writing top-level names to fener_package.egg-info/top_level.txt
[3.997s] reading manifest file 'fener_package.egg-info/SOURCES.txt'
[4.003s] writing manifest file 'fener_package.egg-info/SOURCES.txt'
[4.307s] running build_ext
[4.308s] Creating /home/fener/ros2_fener/install/fener_package/lib/python3.6/site-packages/fener-package.egg-link (link to .)
[4.312s] Installing bno055_pub script to /home/fener/ros2_fener/install/fener_package/lib/fener_package
[4.313s] Installing driver script to /home/fener/ros2_fener/install/fener_package/lib/fener_package
[4.313s] Installing lidar_pub script to /home/fener/ros2_fener/install/fener_package/lib/fener_package
[4.314s] Installing object_detector script to /home/fener/ros2_fener/install/fener_package/lib/fener_package
[4.314s] Installing solo_cam_pub script to /home/fener/ros2_fener/install/fener_package/lib/fener_package
[4.315s] 
[4.315s] Installed /home/fener/ros2_fener/build/fener_package
[4.316s] running install_data
[4.460s] Invoked command in '/home/fener/ros2_fener/build/fener_package' returned '0': PYTHONPATH=/home/fener/ros2_fener/install/fener_package/lib/python3.6/site-packages:${PYTHONPATH} /usr/bin/python3 setup.py develop --prefix /home/fener/ros2_fener/install/fener_package --editable --build-directory /home/fener/ros2_fener/build/fener_package/build --no-deps install_data --install-dir /home/fener/ros2_fener/install/fener_package
