[0.586s] Invoking command in '/home/sezer/FENER/ros2_fener/build/fener_package': PYTHONPATH=/home/sezer/FENER/ros2_fener/install/fener_package/lib/python3.8/site-packages:${PYTHONPATH} /usr/bin/python3 setup.py develop --prefix /home/sezer/FENER/ros2_fener/install/fener_package --editable --build-directory /home/sezer/FENER/ros2_fener/build/fener_package/build --no-deps install_data --install-dir /home/sezer/FENER/ros2_fener/install/fener_package
[0.746s] running develop
[0.847s] running egg_info
[0.847s] writing fener_package.egg-info/PKG-INFO
[0.848s] writing dependency_links to fener_package.egg-info/dependency_links.txt
[0.848s] writing entry points to fener_package.egg-info/entry_points.txt
[0.848s] writing requirements to fener_package.egg-info/requires.txt
[0.848s] writing top-level names to fener_package.egg-info/top_level.txt
[0.870s] reading manifest file 'fener_package.egg-info/SOURCES.txt'
[0.870s] writing manifest file 'fener_package.egg-info/SOURCES.txt'
[0.892s] running build_ext
[0.892s] Creating /home/sezer/FENER/ros2_fener/install/fener_package/lib/python3.8/site-packages/site.py
[0.893s] Creating /home/sezer/FENER/ros2_fener/install/fener_package/lib/python3.8/site-packages/fener-package.egg-link (link to .)
[0.894s] Installing bno055_pub script to /home/sezer/FENER/ros2_fener/install/fener_package/lib/fener_package
[0.894s] Installing driver script to /home/sezer/FENER/ros2_fener/install/fener_package/lib/fener_package
[0.894s] Installing lidar_pub script to /home/sezer/FENER/ros2_fener/install/fener_package/lib/fener_package
[0.894s] Installing object_detector script to /home/sezer/FENER/ros2_fener/install/fener_package/lib/fener_package
[0.894s] Installing solo_cam_pub script to /home/sezer/FENER/ros2_fener/install/fener_package/lib/fener_package
[0.895s] 
[0.895s] Installed /home/sezer/FENER/ros2_fener/build/fener_package
[0.895s] running install_data
[0.909s] Invoked command in '/home/sezer/FENER/ros2_fener/build/fener_package' returned '0': PYTHONPATH=/home/sezer/FENER/ros2_fener/install/fener_package/lib/python3.8/site-packages:${PYTHONPATH} /usr/bin/python3 setup.py develop --prefix /home/sezer/FENER/ros2_fener/install/fener_package --editable --build-directory /home/sezer/FENER/ros2_fener/build/fener_package/build --no-deps install_data --install-dir /home/sezer/FENER/ros2_fener/install/fener_package
