[1.824s] Invoking command in '/home/fener/ros2_fener/src/fener_package': PYTHONPATH=/home/fener/ros2_fener/install/fener_package/lib/python3.6/site-packages:${PYTHONPATH} /usr/bin/python3 setup.py egg_info --egg-base ../../build/fener_package build --build-base /home/fener/ros2_fener/build/fener_package/build install --prefix /home/fener/ros2_fener/install/fener_package --record /home/fener/ros2_fener/build/fener_package/install.log --single-version-externally-managed
[3.152s] /home/fener/.local/lib/python3.6/site-packages/setuptools/dist.py:700: UserWarning: Usage of dash-separated 'script-dir' will not be supported in future versions. Please use the underscore name 'script_dir' instead
[3.153s]   % (opt, underscore_opt))
[3.155s] /home/fener/.local/lib/python3.6/site-packages/setuptools/dist.py:700: UserWarning: Usage of dash-separated 'install-scripts' will not be supported in future versions. Please use the underscore name 'install_scripts' instead
[3.155s]   % (opt, underscore_opt))
[3.352s] running egg_info
[3.356s] writing ../../build/fener_package/fener_package.egg-info/PKG-INFO
[3.358s] writing dependency_links to ../../build/fener_package/fener_package.egg-info/dependency_links.txt
[3.359s] writing entry points to ../../build/fener_package/fener_package.egg-info/entry_points.txt
[3.360s] writing requirements to ../../build/fener_package/fener_package.egg-info/requires.txt
[3.361s] writing top-level names to ../../build/fener_package/fener_package.egg-info/top_level.txt
[3.543s] reading manifest file '../../build/fener_package/fener_package.egg-info/SOURCES.txt'
[3.549s] writing manifest file '../../build/fener_package/fener_package.egg-info/SOURCES.txt'
[3.551s] running build
[3.552s] running build_py
[3.553s] copying fener_package/fener_object_detector_node.py -> /home/fener/ros2_fener/build/fener_package/build/lib/fener_package
[3.554s] running install
[3.557s] running install_lib
[3.560s] copying /home/fener/ros2_fener/build/fener_package/build/lib/fener_package/fener_object_detector_node.py -> /home/fener/ros2_fener/install/fener_package/lib/python3.6/site-packages/fener_package
[3.562s] byte-compiling /home/fener/ros2_fener/install/fener_package/lib/python3.6/site-packages/fener_package/fener_object_detector_node.py to fener_object_detector_node.cpython-36.pyc
[3.572s] running install_data
[3.576s] running install_egg_info
[3.588s] removing '/home/fener/ros2_fener/install/fener_package/lib/python3.6/site-packages/fener_package-0.0.0-py3.6.egg-info' (and everything under it)
[3.590s] Copying ../../build/fener_package/fener_package.egg-info to /home/fener/ros2_fener/install/fener_package/lib/python3.6/site-packages/fener_package-0.0.0-py3.6.egg-info
[3.594s] running install_scripts
[3.682s] Installing driver = fener_package.fener_driver_node:mainobject_detector script to /home/fener/ros2_fener/install/fener_package/lib/fener_package
[3.685s] writing list of installed files to '/home/fener/ros2_fener/build/fener_package/install.log'
[3.808s] Invoked command in '/home/fener/ros2_fener/src/fener_package' returned '0': PYTHONPATH=/home/fener/ros2_fener/install/fener_package/lib/python3.6/site-packages:${PYTHONPATH} /usr/bin/python3 setup.py egg_info --egg-base ../../build/fener_package build --build-base /home/fener/ros2_fener/build/fener_package/build install --prefix /home/fener/ros2_fener/install/fener_package --record /home/fener/ros2_fener/build/fener_package/install.log --single-version-externally-managed
