[1.654s] Invoking command in '/home/fener/ros2_fener/build/fener_package': PYTHONPATH=/home/fener/ros2_fener/install/fener_package/lib/python3.6/site-packages:${PYTHONPATH} /usr/bin/python3 setup.py develop --prefix /home/fener/ros2_fener/install/fener_package --uninstall --editable --build-directory /home/fener/ros2_fener/build/fener_package/build
[2.921s] /home/fener/.local/lib/python3.6/site-packages/setuptools/dist.py:700: UserWarning: Usage of dash-separated 'script-dir' will not be supported in future versions. Please use the underscore name 'script_dir' instead
[2.921s]   % (opt, underscore_opt))
[2.923s] /home/fener/.local/lib/python3.6/site-packages/setuptools/dist.py:700: UserWarning: Usage of dash-separated 'install-scripts' will not be supported in future versions. Please use the underscore name 'install_scripts' instead
[2.923s]   % (opt, underscore_opt))
[3.172s] running develop
[4.056s] Invoked command in '/home/fener/ros2_fener/build/fener_package' returned '0': PYTHONPATH=/home/fener/ros2_fener/install/fener_package/lib/python3.6/site-packages:${PYTHONPATH} /usr/bin/python3 setup.py develop --prefix /home/fener/ros2_fener/install/fener_package --uninstall --editable --build-directory /home/fener/ros2_fener/build/fener_package/build
[4.062s] Invoking command in '/home/fener/ros2_fener/src/fener_package': PYTHONPATH=/home/fener/ros2_fener/install/fener_package/lib/python3.6/site-packages:${PYTHONPATH} /usr/bin/python3 setup.py egg_info --egg-base ../../build/fener_package build --build-base /home/fener/ros2_fener/build/fener_package/build install --prefix /home/fener/ros2_fener/install/fener_package --record /home/fener/ros2_fener/build/fener_package/install.log --single-version-externally-managed
[5.309s] /home/fener/.local/lib/python3.6/site-packages/setuptools/dist.py:700: UserWarning: Usage of dash-separated 'script-dir' will not be supported in future versions. Please use the underscore name 'script_dir' instead
[5.309s]   % (opt, underscore_opt))
[5.311s] /home/fener/.local/lib/python3.6/site-packages/setuptools/dist.py:700: UserWarning: Usage of dash-separated 'install-scripts' will not be supported in future versions. Please use the underscore name 'install_scripts' instead
[5.311s]   % (opt, underscore_opt))
[5.482s] running egg_info
[5.485s] writing ../../build/fener_package/fener_package.egg-info/PKG-INFO
[5.487s] writing dependency_links to ../../build/fener_package/fener_package.egg-info/dependency_links.txt
[5.487s] writing entry points to ../../build/fener_package/fener_package.egg-info/entry_points.txt
[5.488s] writing requirements to ../../build/fener_package/fener_package.egg-info/requires.txt
[5.488s] writing top-level names to ../../build/fener_package/fener_package.egg-info/top_level.txt
[5.654s] reading manifest file '../../build/fener_package/fener_package.egg-info/SOURCES.txt'
[5.661s] writing manifest file '../../build/fener_package/fener_package.egg-info/SOURCES.txt'
[5.662s] running build
[5.663s] running build_py
[5.665s] running install
[5.667s] running install_lib
[5.673s] running install_data
[5.675s] running install_egg_info
[5.682s] removing '/home/fener/ros2_fener/install/fener_package/lib/python3.6/site-packages/fener_package-0.0.0-py3.6.egg-info' (and everything under it)
[5.683s] Copying ../../build/fener_package/fener_package.egg-info to /home/fener/ros2_fener/install/fener_package/lib/python3.6/site-packages/fener_package-0.0.0-py3.6.egg-info
[5.687s] running install_scripts
[5.771s] Installing bno055_pub script to /home/fener/ros2_fener/install/fener_package/lib/fener_package
[5.773s] Installing driver script to /home/fener/ros2_fener/install/fener_package/lib/fener_package
[5.774s] Installing lidar_pub script to /home/fener/ros2_fener/install/fener_package/lib/fener_package
[5.775s] Installing object_detector script to /home/fener/ros2_fener/install/fener_package/lib/fener_package
[5.775s] Installing solo_cam_pub script to /home/fener/ros2_fener/install/fener_package/lib/fener_package
[5.776s] writing list of installed files to '/home/fener/ros2_fener/build/fener_package/install.log'
[5.890s] Invoked command in '/home/fener/ros2_fener/src/fener_package' returned '0': PYTHONPATH=/home/fener/ros2_fener/install/fener_package/lib/python3.6/site-packages:${PYTHONPATH} /usr/bin/python3 setup.py egg_info --egg-base ../../build/fener_package build --build-base /home/fener/ros2_fener/build/fener_package/build install --prefix /home/fener/ros2_fener/install/fener_package --record /home/fener/ros2_fener/build/fener_package/install.log --single-version-externally-managed
