[0.990s] DEBUG:colcon:Command line arguments: ['/usr/bin/colcon', 'build', '--packages-select', 'fener_package']
[0.991s] DEBUG:colcon:Parsed command line arguments: Namespace(ament_cmake_args=None, base_paths=['.'], build_base='build', catkin_cmake_args=None, catkin_skip_building_tests=False, cmake_args=None, cmake_clean_cache=False, cmake_clean_first=False, cmake_force_configure=False, cmake_target=None, cmake_target_skip_unavailable=False, continue_on_error=False, event_handlers=None, executor='parallel', ignore_user_meta=False, install_base='install', log_base=None, log_level=None, main=<bound method BuildVerb.main of <colcon_core.verb.build.BuildVerb object at 0x7fa7eabeb8>>, merge_install=False, metas=['./colcon.meta'], packages_above=None, packages_above_and_dependencies=None, packages_above_depth=None, packages_end=None, packages_ignore=None, packages_ignore_regex=None, packages_select=['fener_package'], packages_select_build_failed=False, packages_select_by_dep=None, packages_select_regex=None, packages_select_test_failures=False, packages_skip=None, packages_skip_build_finished=False, packages_skip_by_dep=None, packages_skip_regex=None, packages_skip_test_passed=False, packages_skip_up_to=None, packages_start=None, packages_up_to=None, packages_up_to_regex=None, parallel_workers=4, paths=None, symlink_install=False, test_result_base=None, verb_extension=<colcon_core.verb.build.BuildVerb object at 0x7fa7eabeb8>, verb_name='build', verb_parser=<colcon_defaults.argument_parser.defaults.DefaultArgumentsDecorator object at 0x7fa7df43c8>)
[1.020s] Level 1:colcon.colcon_core.package_discovery:discover_packages(colcon_meta) check parameters
[1.021s] Level 1:colcon.colcon_core.package_discovery:discover_packages(recursive) check parameters
[1.021s] Level 1:colcon.colcon_core.package_discovery:discover_packages(ignore) check parameters
[1.021s] Level 1:colcon.colcon_core.package_discovery:discover_packages(path) check parameters
[1.021s] Level 1:colcon.colcon_core.package_discovery:discover_packages(colcon_meta) discover
[1.023s] Level 1:colcon.colcon_core.package_discovery:discover_packages(recursive) discover
[1.023s] INFO:colcon.colcon_core.package_discovery:Crawling recursively for packages in '/home/fener/ros2_fener'
[1.024s] Level 1:colcon.colcon_core.package_identification:_identify(.) by extensions ['ignore', 'ignore_ament_install']
[1.024s] Level 1:colcon.colcon_core.package_identification:_identify(.) by extension 'ignore'
[1.024s] Level 1:colcon.colcon_core.package_identification:_identify(.) by extension 'ignore_ament_install'
[1.025s] Level 1:colcon.colcon_core.package_identification:_identify(.) by extensions ['colcon_pkg']
[1.025s] Level 1:colcon.colcon_core.package_identification:_identify(.) by extension 'colcon_pkg'
[1.025s] Level 1:colcon.colcon_core.package_identification:_identify(.) by extensions ['colcon_meta']
[1.025s] Level 1:colcon.colcon_core.package_identification:_identify(.) by extension 'colcon_meta'
[1.026s] Level 1:colcon.colcon_core.package_identification:_identify(.) by extensions ['ros']
[1.026s] Level 1:colcon.colcon_core.package_identification:_identify(.) by extension 'ros'
[1.083s] Level 1:colcon.colcon_core.package_identification:_identify(.) by extensions ['cmake', 'python']
[1.083s] Level 1:colcon.colcon_core.package_identification:_identify(.) by extension 'cmake'
[1.083s] Level 1:colcon.colcon_core.package_identification:_identify(.) by extension 'python'
[1.084s] Level 1:colcon.colcon_core.package_identification:_identify(.) by extensions ['python_setup_py']
[1.084s] Level 1:colcon.colcon_core.package_identification:_identify(.) by extension 'python_setup_py'
[1.084s] Level 1:colcon.colcon_core.package_identification:_identify(build) by extensions ['ignore', 'ignore_ament_install']
[1.085s] Level 1:colcon.colcon_core.package_identification:_identify(build) by extension 'ignore'
[1.085s] Level 1:colcon.colcon_core.package_identification:_identify(build) ignored
[1.087s] Level 1:colcon.colcon_core.package_identification:_identify(install) by extensions ['ignore', 'ignore_ament_install']
[1.087s] Level 1:colcon.colcon_core.package_identification:_identify(install) by extension 'ignore'
[1.088s] Level 1:colcon.colcon_core.package_identification:_identify(install) ignored
[1.088s] Level 1:colcon.colcon_core.package_identification:_identify(log) by extensions ['ignore', 'ignore_ament_install']
[1.089s] Level 1:colcon.colcon_core.package_identification:_identify(log) by extension 'ignore'
[1.089s] Level 1:colcon.colcon_core.package_identification:_identify(log) ignored
[1.089s] Level 1:colcon.colcon_core.package_identification:_identify(src) by extensions ['ignore', 'ignore_ament_install']
[1.090s] Level 1:colcon.colcon_core.package_identification:_identify(src) by extension 'ignore'
[1.090s] Level 1:colcon.colcon_core.package_identification:_identify(src) by extension 'ignore_ament_install'
[1.090s] Level 1:colcon.colcon_core.package_identification:_identify(src) by extensions ['colcon_pkg']
[1.090s] Level 1:colcon.colcon_core.package_identification:_identify(src) by extension 'colcon_pkg'
[1.091s] Level 1:colcon.colcon_core.package_identification:_identify(src) by extensions ['colcon_meta']
[1.091s] Level 1:colcon.colcon_core.package_identification:_identify(src) by extension 'colcon_meta'
[1.091s] Level 1:colcon.colcon_core.package_identification:_identify(src) by extensions ['ros']
[1.091s] Level 1:colcon.colcon_core.package_identification:_identify(src) by extension 'ros'
[1.092s] Level 1:colcon.colcon_core.package_identification:_identify(src) by extensions ['cmake', 'python']
[1.092s] Level 1:colcon.colcon_core.package_identification:_identify(src) by extension 'cmake'
[1.092s] Level 1:colcon.colcon_core.package_identification:_identify(src) by extension 'python'
[1.092s] Level 1:colcon.colcon_core.package_identification:_identify(src) by extensions ['python_setup_py']
[1.093s] Level 1:colcon.colcon_core.package_identification:_identify(src) by extension 'python_setup_py'
[1.093s] Level 1:colcon.colcon_core.package_identification:_identify(src/build) by extensions ['ignore', 'ignore_ament_install']
[1.093s] Level 1:colcon.colcon_core.package_identification:_identify(src/build) by extension 'ignore'
[1.094s] Level 1:colcon.colcon_core.package_identification:_identify(src/build) ignored
[1.094s] Level 1:colcon.colcon_core.package_identification:_identify(src/fener_package) by extensions ['ignore', 'ignore_ament_install']
[1.095s] Level 1:colcon.colcon_core.package_identification:_identify(src/fener_package) by extension 'ignore'
[1.095s] Level 1:colcon.colcon_core.package_identification:_identify(src/fener_package) by extension 'ignore_ament_install'
[1.095s] Level 1:colcon.colcon_core.package_identification:_identify(src/fener_package) by extensions ['colcon_pkg']
[1.095s] Level 1:colcon.colcon_core.package_identification:_identify(src/fener_package) by extension 'colcon_pkg'
[1.096s] Level 1:colcon.colcon_core.package_identification:_identify(src/fener_package) by extensions ['colcon_meta']
[1.096s] Level 1:colcon.colcon_core.package_identification:_identify(src/fener_package) by extension 'colcon_meta'
[1.096s] Level 1:colcon.colcon_core.package_identification:_identify(src/fener_package) by extensions ['ros']
[1.096s] Level 1:colcon.colcon_core.package_identification:_identify(src/fener_package) by extension 'ros'
[1.108s] DEBUG:colcon.colcon_core.package_identification:Package 'src/fener_package' with type 'ros.ament_python' and name 'fener_package'
[1.108s] Level 1:colcon.colcon_core.package_identification:_identify(src/install) by extensions ['ignore', 'ignore_ament_install']
[1.109s] Level 1:colcon.colcon_core.package_identification:_identify(src/install) by extension 'ignore'
[1.109s] Level 1:colcon.colcon_core.package_identification:_identify(src/install) ignored
[1.109s] Level 1:colcon.colcon_core.package_identification:_identify(src/log) by extensions ['ignore', 'ignore_ament_install']
[1.110s] Level 1:colcon.colcon_core.package_identification:_identify(src/log) by extension 'ignore'
[1.110s] Level 1:colcon.colcon_core.package_identification:_identify(src/log) ignored
[1.110s] Level 1:colcon.colcon_core.package_discovery:discover_packages(recursive) using defaults
[1.111s] Level 1:colcon.colcon_core.package_discovery:discover_packages(ignore) discover
[1.112s] Level 1:colcon.colcon_core.package_discovery:discover_packages(ignore) using defaults
[1.112s] Level 1:colcon.colcon_core.package_discovery:discover_packages(path) discover
[1.112s] Level 1:colcon.colcon_core.package_discovery:discover_packages(path) using defaults
[1.241s] Level 5:colcon.colcon_core.verb:set package 'fener_package' build argument 'cmake_args' from command line to 'None'
[1.241s] Level 5:colcon.colcon_core.verb:set package 'fener_package' build argument 'cmake_target' from command line to 'None'
[1.241s] Level 5:colcon.colcon_core.verb:set package 'fener_package' build argument 'cmake_target_skip_unavailable' from command line to 'False'
[1.241s] Level 5:colcon.colcon_core.verb:set package 'fener_package' build argument 'cmake_clean_cache' from command line to 'False'
[1.242s] Level 5:colcon.colcon_core.verb:set package 'fener_package' build argument 'cmake_clean_first' from command line to 'False'
[1.242s] Level 5:colcon.colcon_core.verb:set package 'fener_package' build argument 'cmake_force_configure' from command line to 'False'
[1.242s] Level 5:colcon.colcon_core.verb:set package 'fener_package' build argument 'ament_cmake_args' from command line to 'None'
[1.242s] Level 5:colcon.colcon_core.verb:set package 'fener_package' build argument 'catkin_cmake_args' from command line to 'None'
[1.242s] Level 5:colcon.colcon_core.verb:set package 'fener_package' build argument 'catkin_skip_building_tests' from command line to 'False'
[1.243s] DEBUG:colcon.colcon_core.verb:Building package 'fener_package' with the following arguments: {'ament_cmake_args': None, 'build_base': '/home/fener/ros2_fener/build/fener_package', 'catkin_cmake_args': None, 'catkin_skip_building_tests': False, 'cmake_args': None, 'cmake_clean_cache': False, 'cmake_clean_first': False, 'cmake_force_configure': False, 'cmake_target': None, 'cmake_target_skip_unavailable': False, 'install_base': '/home/fener/ros2_fener/install/fener_package', 'merge_install': False, 'path': '/home/fener/ros2_fener/src/fener_package', 'symlink_install': False, 'test_result_base': None}
[1.245s] INFO:colcon.colcon_core.executor:Executing jobs using 'parallel' executor
[1.257s] DEBUG:colcon.colcon_parallel_executor.executor.parallel:run_until_complete
[1.258s] INFO:colcon.colcon_ros.task.ament_python.build:Building ROS package in '/home/fener/ros2_fener/src/fener_package' with build type 'ament_python'
[1.259s] Level 1:colcon.colcon_core.shell:create_environment_hook('fener_package', 'ament_prefix_path')
[1.293s] INFO:colcon.colcon_core.plugin_system:Skipping extension 'colcon_core.shell.bat': Not used on non-Windows systems
[1.296s] INFO:colcon.colcon_core.shell:Creating environment hook '/home/fener/ros2_fener/install/fener_package/share/fener_package/hook/ament_prefix_path.ps1'
[1.304s] INFO:colcon.colcon_core.shell:Creating environment descriptor '/home/fener/ros2_fener/install/fener_package/share/fener_package/hook/ament_prefix_path.dsv'
[1.308s] INFO:colcon.colcon_core.shell:Creating environment hook '/home/fener/ros2_fener/install/fener_package/share/fener_package/hook/ament_prefix_path.sh'
[1.323s] INFO:colcon.colcon_core.shell:Skip shell extension 'powershell' for command environment: Not usable outside of PowerShell
[1.324s] DEBUG:colcon.colcon_core.shell:Skip shell extension 'dsv' for command environment
[1.348s] DEBUG:colcon.colcon_core.shell:Ignoring prefix path '/opt/ros/eloquent'
[3.007s] INFO:colcon.colcon_core.task.python.build:Building Python package in '/home/fener/ros2_fener/src/fener_package'
[3.012s] INFO:colcon.colcon_core.shell:Skip shell extension 'powershell' for command environment: Not usable outside of PowerShell
[3.013s] DEBUG:colcon.colcon_core.shell:Skip shell extension 'dsv' for command environment
[3.026s] DEBUG:colcon.colcon_core.shell:Ignoring prefix path '/opt/ros/eloquent'
[3.054s] DEBUG:colcon.colcon_core.event_handler.log_command:Invoking command in '/home/fener/ros2_fener/src/fener_package': PYTHONPATH=/home/fener/ros2_fener/install/fener_package/lib/python3.6/site-packages:${PYTHONPATH} /usr/bin/python3 setup.py egg_info --egg-base ../../build/fener_package build --build-base /home/fener/ros2_fener/build/fener_package/build install --prefix /home/fener/ros2_fener/install/fener_package --record /home/fener/ros2_fener/build/fener_package/install.log --single-version-externally-managed
[5.007s] DEBUG:colcon.colcon_core.event_handler.log_command:Invoked command in '/home/fener/ros2_fener/src/fener_package' returned '0': PYTHONPATH=/home/fener/ros2_fener/install/fener_package/lib/python3.6/site-packages:${PYTHONPATH} /usr/bin/python3 setup.py egg_info --egg-base ../../build/fener_package build --build-base /home/fener/ros2_fener/build/fener_package/build install --prefix /home/fener/ros2_fener/install/fener_package --record /home/fener/ros2_fener/build/fener_package/install.log --single-version-externally-managed
[5.023s] Level 1:colcon.colcon_core.environment:checking '/home/fener/ros2_fener/install/fener_package' for CMake module files
[5.026s] Level 1:colcon.colcon_core.environment:checking '/home/fener/ros2_fener/install/fener_package' for CMake config files
[5.030s] Level 1:colcon.colcon_core.environment:checking '/home/fener/ros2_fener/install/fener_package/lib'
[5.031s] Level 1:colcon.colcon_core.environment:checking '/home/fener/ros2_fener/install/fener_package/bin'
[5.032s] Level 1:colcon.colcon_core.environment:checking '/home/fener/ros2_fener/install/fener_package/lib/pkgconfig/fener_package.pc'
[5.033s] Level 1:colcon.colcon_core.environment:checking '/home/fener/ros2_fener/install/fener_package/lib/python3.6/site-packages'
[5.033s] Level 1:colcon.colcon_core.shell:create_environment_hook('fener_package', 'pythonpath')
[5.037s] INFO:colcon.colcon_core.shell:Creating environment hook '/home/fener/ros2_fener/install/fener_package/share/fener_package/hook/pythonpath.ps1'
[5.039s] INFO:colcon.colcon_core.shell:Creating environment descriptor '/home/fener/ros2_fener/install/fener_package/share/fener_package/hook/pythonpath.dsv'
[5.041s] INFO:colcon.colcon_core.shell:Creating environment hook '/home/fener/ros2_fener/install/fener_package/share/fener_package/hook/pythonpath.sh'
[5.043s] Level 1:colcon.colcon_core.environment:create_environment_scripts_only(fener_package)
[5.048s] INFO:colcon.colcon_core.shell:Creating package script '/home/fener/ros2_fener/install/fener_package/share/fener_package/package.ps1'
[5.060s] INFO:colcon.colcon_core.shell:Creating package descriptor '/home/fener/ros2_fener/install/fener_package/share/fener_package/package.dsv'
[5.066s] INFO:colcon.colcon_core.shell:Creating package script '/home/fener/ros2_fener/install/fener_package/share/fener_package/package.sh'
[5.071s] INFO:colcon.colcon_core.shell:Creating package script '/home/fener/ros2_fener/install/fener_package/share/fener_package/package.bash'
[5.076s] INFO:colcon.colcon_core.shell:Creating package script '/home/fener/ros2_fener/install/fener_package/share/fener_package/package.zsh'
[5.080s] Level 1:colcon.colcon_core.environment:create_file_with_runtime_dependencies(/home/fener/ros2_fener/install/fener_package/share/colcon-core/packages/fener_package)
[5.081s] DEBUG:colcon.colcon_parallel_executor.executor.parallel:closing loop
[5.083s] DEBUG:colcon.colcon_parallel_executor.executor.parallel:loop closed
[5.083s] DEBUG:colcon.colcon_parallel_executor.executor.parallel:run_until_complete finished with '0'
[5.084s] DEBUG:colcon.colcon_core.event_reactor:joining thread
[5.132s] INFO:colcon.colcon_core.plugin_system:Skipping extension 'colcon_notification.desktop_notification.terminal_notifier': Not used on non-Darwin systems
[5.134s] INFO:colcon.colcon_core.plugin_system:Skipping extension 'colcon_notification.desktop_notification.win32': Not used on non-Windows systems
[5.135s] INFO:colcon.colcon_notification.desktop_notification:Sending desktop notification using 'notify2'
[5.172s] DEBUG:colcon.colcon_core.event_reactor:joined thread
[5.176s] INFO:colcon.colcon_core.shell:Creating prefix script '/home/fener/ros2_fener/install/local_setup.ps1'
[5.182s] INFO:colcon.colcon_core.shell:Creating prefix util module '/home/fener/ros2_fener/install/_local_setup_util_ps1.py'
[5.192s] INFO:colcon.colcon_core.shell:Creating prefix chain script '/home/fener/ros2_fener/install/setup.ps1'
[5.209s] INFO:colcon.colcon_core.shell:Creating prefix script '/home/fener/ros2_fener/install/local_setup.sh'
[5.213s] INFO:colcon.colcon_core.shell:Creating prefix util module '/home/fener/ros2_fener/install/_local_setup_util_sh.py'
[5.215s] INFO:colcon.colcon_core.shell:Creating prefix chain script '/home/fener/ros2_fener/install/setup.sh'
[5.231s] INFO:colcon.colcon_core.shell:Creating prefix script '/home/fener/ros2_fener/install/local_setup.bash'
[5.234s] INFO:colcon.colcon_core.shell:Creating prefix chain script '/home/fener/ros2_fener/install/setup.bash'
[5.251s] INFO:colcon.colcon_core.shell:Creating prefix script '/home/fener/ros2_fener/install/local_setup.zsh'
[5.254s] INFO:colcon.colcon_core.shell:Creating prefix chain script '/home/fener/ros2_fener/install/setup.zsh'
