running egg_info
writing ../../build/fener_package/fener_package.egg-info/PKG-INFO
writing dependency_links to ../../build/fener_package/fener_package.egg-info/dependency_links.txt
writing entry points to ../../build/fener_package/fener_package.egg-info/entry_points.txt
writing requirements to ../../build/fener_package/fener_package.egg-info/requires.txt
writing top-level names to ../../build/fener_package/fener_package.egg-info/top_level.txt
reading manifest file '../../build/fener_package/fener_package.egg-info/SOURCES.txt'
writing manifest file '../../build/fener_package/fener_package.egg-info/SOURCES.txt'
running build
running build_py
copying fener_package/fener_lidar_pub_node.py -> /home/fener/ros2_fener/build/fener_package/build/lib/fener_package
running install
running install_lib
copying /home/fener/ros2_fener/build/fener_package/build/lib/fener_package/fener_lidar_pub_node.py -> /home/fener/ros2_fener/install/fener_package/lib/python3.6/site-packages/fener_package
byte-compiling /home/fener/ros2_fener/install/fener_package/lib/python3.6/site-packages/fener_package/fener_lidar_pub_node.py to fener_lidar_pub_node.cpython-36.pyc
running install_data
running install_egg_info
removing '/home/fener/ros2_fener/install/fener_package/lib/python3.6/site-packages/fener_package-0.0.0-py3.6.egg-info' (and everything under it)
Copying ../../build/fener_package/fener_package.egg-info to /home/fener/ros2_fener/install/fener_package/lib/python3.6/site-packages/fener_package-0.0.0-py3.6.egg-info
running install_scripts
Installing driver script to /home/fener/ros2_fener/install/fener_package/lib/fener_package
Installing lidar_pub script to /home/fener/ros2_fener/install/fener_package/lib/fener_package
Installing object_detector script to /home/fener/ros2_fener/install/fener_package/lib/fener_package
writing list of installed files to '/home/fener/ros2_fener/build/fener_package/install.log'
