[1.271s] DEBUG:colcon:Command line arguments: ['/usr/bin/colcon', 'build']
[1.271s] DEBUG:colcon:Parsed command line arguments: Namespace(ament_cmake_args=None, base_paths=['.'], build_base='build', catkin_cmake_args=None, catkin_skip_building_tests=False, cmake_args=None, cmake_clean_cache=False, cmake_clean_first=False, cmake_force_configure=False, cmake_target=None, cmake_target_skip_unavailable=False, continue_on_error=False, event_handlers=None, executor='parallel', ignore_user_meta=False, install_base='install', log_base=None, log_level=None, main=<bound method BuildVerb.main of <colcon_core.verb.build.BuildVerb object at 0x7fa3661f60>>, merge_install=False, metas=['./colcon.meta'], packages_above=None, packages_above_and_dependencies=None, packages_above_depth=None, packages_end=None, packages_ignore=None, packages_ignore_regex=None, packages_select=None, packages_select_build_failed=False, packages_select_by_dep=None, packages_select_regex=None, packages_select_test_failures=False, packages_skip=None, packages_skip_build_finished=False, packages_skip_by_dep=None, packages_skip_regex=None, packages_skip_test_passed=False, packages_skip_up_to=None, packages_start=None, packages_up_to=None, packages_up_to_regex=None, parallel_workers=4, paths=None, symlink_install=False, test_result_base=None, verb_extension=<colcon_core.verb.build.BuildVerb object at 0x7fa3661f60>, verb_name='build', verb_parser=<colcon_defaults.argument_parser.defaults.DefaultArgumentsDecorator object at 0x7fa366d2e8>)
[1.314s] Level 1:colcon.colcon_core.package_discovery:discover_packages(colcon_meta) check parameters
[1.314s] Level 1:colcon.colcon_core.package_discovery:discover_packages(recursive) check parameters
[1.314s] Level 1:colcon.colcon_core.package_discovery:discover_packages(ignore) check parameters
[1.315s] Level 1:colcon.colcon_core.package_discovery:discover_packages(path) check parameters
[1.315s] Level 1:colcon.colcon_core.package_discovery:discover_packages(colcon_meta) discover
[1.316s] Level 1:colcon.colcon_core.package_discovery:discover_packages(recursive) discover
[1.316s] INFO:colcon.colcon_core.package_discovery:Crawling recursively for packages in '/home/fener/ros2_fener'
[1.317s] Level 1:colcon.colcon_core.package_identification:_identify(.) by extensions ['ignore', 'ignore_ament_install']
[1.317s] Level 1:colcon.colcon_core.package_identification:_identify(.) by extension 'ignore'
[1.318s] Level 1:colcon.colcon_core.package_identification:_identify(.) by extension 'ignore_ament_install'
[1.318s] Level 1:colcon.colcon_core.package_identification:_identify(.) by extensions ['colcon_pkg']
[1.318s] Level 1:colcon.colcon_core.package_identification:_identify(.) by extension 'colcon_pkg'
[1.318s] Level 1:colcon.colcon_core.package_identification:_identify(.) by extensions ['colcon_meta']
[1.319s] Level 1:colcon.colcon_core.package_identification:_identify(.) by extension 'colcon_meta'
[1.319s] Level 1:colcon.colcon_core.package_identification:_identify(.) by extensions ['ros']
[1.319s] Level 1:colcon.colcon_core.package_identification:_identify(.) by extension 'ros'
[1.376s] Level 1:colcon.colcon_core.package_identification:_identify(.) by extensions ['cmake', 'python']
[1.376s] Level 1:colcon.colcon_core.package_identification:_identify(.) by extension 'cmake'
[1.376s] Level 1:colcon.colcon_core.package_identification:_identify(.) by extension 'python'
[1.377s] Level 1:colcon.colcon_core.package_identification:_identify(.) by extensions ['python_setup_py']
[1.377s] Level 1:colcon.colcon_core.package_identification:_identify(.) by extension 'python_setup_py'
[1.377s] Level 1:colcon.colcon_core.package_identification:_identify(build) by extensions ['ignore', 'ignore_ament_install']
[1.378s] Level 1:colcon.colcon_core.package_identification:_identify(build) by extension 'ignore'
[1.378s] Level 1:colcon.colcon_core.package_identification:_identify(build) ignored
[1.380s] Level 1:colcon.colcon_core.package_identification:_identify(install) by extensions ['ignore', 'ignore_ament_install']
[1.380s] Level 1:colcon.colcon_core.package_identification:_identify(install) by extension 'ignore'
[1.381s] Level 1:colcon.colcon_core.package_identification:_identify(install) ignored
[1.381s] Level 1:colcon.colcon_core.package_identification:_identify(log) by extensions ['ignore', 'ignore_ament_install']
[1.382s] Level 1:colcon.colcon_core.package_identification:_identify(log) by extension 'ignore'
[1.382s] Level 1:colcon.colcon_core.package_identification:_identify(log) ignored
[1.382s] Level 1:colcon.colcon_core.package_identification:_identify(src) by extensions ['ignore', 'ignore_ament_install']
[1.383s] Level 1:colcon.colcon_core.package_identification:_identify(src) by extension 'ignore'
[1.383s] Level 1:colcon.colcon_core.package_identification:_identify(src) by extension 'ignore_ament_install'
[1.383s] Level 1:colcon.colcon_core.package_identification:_identify(src) by extensions ['colcon_pkg']
[1.383s] Level 1:colcon.colcon_core.package_identification:_identify(src) by extension 'colcon_pkg'
[1.384s] Level 1:colcon.colcon_core.package_identification:_identify(src) by extensions ['colcon_meta']
[1.384s] Level 1:colcon.colcon_core.package_identification:_identify(src) by extension 'colcon_meta'
[1.384s] Level 1:colcon.colcon_core.package_identification:_identify(src) by extensions ['ros']
[1.384s] Level 1:colcon.colcon_core.package_identification:_identify(src) by extension 'ros'
[1.385s] Level 1:colcon.colcon_core.package_identification:_identify(src) by extensions ['cmake', 'python']
[1.385s] Level 1:colcon.colcon_core.package_identification:_identify(src) by extension 'cmake'
[1.385s] Level 1:colcon.colcon_core.package_identification:_identify(src) by extension 'python'
[1.386s] Level 1:colcon.colcon_core.package_identification:_identify(src) by extensions ['python_setup_py']
[1.386s] Level 1:colcon.colcon_core.package_identification:_identify(src) by extension 'python_setup_py'
[1.390s] Level 1:colcon.colcon_core.package_identification:_identify(src/build) by extensions ['ignore', 'ignore_ament_install']
[1.391s] Level 1:colcon.colcon_core.package_identification:_identify(src/build) by extension 'ignore'
[1.391s] Level 1:colcon.colcon_core.package_identification:_identify(src/build) ignored
[1.391s] Level 1:colcon.colcon_core.package_identification:_identify(src/fener_package) by extensions ['ignore', 'ignore_ament_install']
[1.392s] Level 1:colcon.colcon_core.package_identification:_identify(src/fener_package) by extension 'ignore'
[1.392s] Level 1:colcon.colcon_core.package_identification:_identify(src/fener_package) by extension 'ignore_ament_install'
[1.392s] Level 1:colcon.colcon_core.package_identification:_identify(src/fener_package) by extensions ['colcon_pkg']
[1.393s] Level 1:colcon.colcon_core.package_identification:_identify(src/fener_package) by extension 'colcon_pkg'
[1.393s] Level 1:colcon.colcon_core.package_identification:_identify(src/fener_package) by extensions ['colcon_meta']
[1.393s] Level 1:colcon.colcon_core.package_identification:_identify(src/fener_package) by extension 'colcon_meta'
[1.393s] Level 1:colcon.colcon_core.package_identification:_identify(src/fener_package) by extensions ['ros']
[1.393s] Level 1:colcon.colcon_core.package_identification:_identify(src/fener_package) by extension 'ros'
[1.408s] DEBUG:colcon.colcon_core.package_identification:Package 'src/fener_package' with type 'ros.ament_python' and name 'fener_package'
[1.411s] Level 1:colcon.colcon_core.package_identification:_identify(src/install) by extensions ['ignore', 'ignore_ament_install']
[1.412s] Level 1:colcon.colcon_core.package_identification:_identify(src/install) by extension 'ignore'
[1.412s] Level 1:colcon.colcon_core.package_identification:_identify(src/install) ignored
[1.413s] Level 1:colcon.colcon_core.package_identification:_identify(src/log) by extensions ['ignore', 'ignore_ament_install']
[1.413s] Level 1:colcon.colcon_core.package_identification:_identify(src/log) by extension 'ignore'
[1.414s] Level 1:colcon.colcon_core.package_identification:_identify(src/log) ignored
[1.414s] Level 1:colcon.colcon_core.package_discovery:discover_packages(recursive) using defaults
[1.415s] Level 1:colcon.colcon_core.package_discovery:discover_packages(ignore) discover
[1.415s] Level 1:colcon.colcon_core.package_discovery:discover_packages(ignore) using defaults
[1.415s] Level 1:colcon.colcon_core.package_discovery:discover_packages(path) discover
[1.415s] Level 1:colcon.colcon_core.package_discovery:discover_packages(path) using defaults
[1.575s] Level 5:colcon.colcon_core.verb:set package 'fener_package' build argument 'cmake_args' from command line to 'None'
[1.575s] Level 5:colcon.colcon_core.verb:set package 'fener_package' build argument 'cmake_target' from command line to 'None'
[1.575s] Level 5:colcon.colcon_core.verb:set package 'fener_package' build argument 'cmake_target_skip_unavailable' from command line to 'False'
[1.575s] Level 5:colcon.colcon_core.verb:set package 'fener_package' build argument 'cmake_clean_cache' from command line to 'False'
[1.575s] Level 5:colcon.colcon_core.verb:set package 'fener_package' build argument 'cmake_clean_first' from command line to 'False'
[1.576s] Level 5:colcon.colcon_core.verb:set package 'fener_package' build argument 'cmake_force_configure' from command line to 'False'
[1.576s] Level 5:colcon.colcon_core.verb:set package 'fener_package' build argument 'ament_cmake_args' from command line to 'None'
[1.576s] Level 5:colcon.colcon_core.verb:set package 'fener_package' build argument 'catkin_cmake_args' from command line to 'None'
[1.576s] Level 5:colcon.colcon_core.verb:set package 'fener_package' build argument 'catkin_skip_building_tests' from command line to 'False'
[1.576s] DEBUG:colcon.colcon_core.verb:Building package 'fener_package' with the following arguments: {'ament_cmake_args': None, 'build_base': '/home/fener/ros2_fener/build/fener_package', 'catkin_cmake_args': None, 'catkin_skip_building_tests': False, 'cmake_args': None, 'cmake_clean_cache': False, 'cmake_clean_first': False, 'cmake_force_configure': False, 'cmake_target': None, 'cmake_target_skip_unavailable': False, 'install_base': '/home/fener/ros2_fener/install/fener_package', 'merge_install': False, 'path': '/home/fener/ros2_fener/src/fener_package', 'symlink_install': False, 'test_result_base': None}
[1.579s] INFO:colcon.colcon_core.executor:Executing jobs using 'parallel' executor
[1.593s] DEBUG:colcon.colcon_parallel_executor.executor.parallel:run_until_complete
[1.594s] INFO:colcon.colcon_ros.task.ament_python.build:Building ROS package in '/home/fener/ros2_fener/src/fener_package' with build type 'ament_python'
[1.595s] Level 1:colcon.colcon_core.shell:create_environment_hook('fener_package', 'ament_prefix_path')
[1.670s] INFO:colcon.colcon_core.plugin_system:Skipping extension 'colcon_core.shell.bat': Not used on non-Windows systems
[1.671s] INFO:colcon.colcon_core.shell:Creating environment hook '/home/fener/ros2_fener/install/fener_package/share/fener_package/hook/ament_prefix_path.ps1'
[1.675s] INFO:colcon.colcon_core.shell:Creating environment descriptor '/home/fener/ros2_fener/install/fener_package/share/fener_package/hook/ament_prefix_path.dsv'
[1.681s] INFO:colcon.colcon_core.shell:Creating environment hook '/home/fener/ros2_fener/install/fener_package/share/fener_package/hook/ament_prefix_path.sh'
[1.692s] INFO:colcon.colcon_core.shell:Skip shell extension 'powershell' for command environment: Not usable outside of PowerShell
[1.692s] DEBUG:colcon.colcon_core.shell:Skip shell extension 'dsv' for command environment
[1.714s] DEBUG:colcon.colcon_core.shell:Ignoring prefix path '/opt/ros/eloquent'
[3.270s] INFO:colcon.colcon_core.task.python.build:Building Python package in '/home/fener/ros2_fener/src/fener_package'
[3.275s] INFO:colcon.colcon_core.shell:Skip shell extension 'powershell' for command environment: Not usable outside of PowerShell
[3.276s] DEBUG:colcon.colcon_core.shell:Skip shell extension 'dsv' for command environment
[3.288s] DEBUG:colcon.colcon_core.shell:Ignoring prefix path '/opt/ros/eloquent'
[3.311s] DEBUG:colcon.colcon_core.event_handler.log_command:Invoking command in '/home/fener/ros2_fener/build/fener_package': PYTHONPATH=/home/fener/ros2_fener/install/fener_package/lib/python3.6/site-packages:${PYTHONPATH} /usr/bin/python3 setup.py develop --prefix /home/fener/ros2_fener/install/fener_package --uninstall --editable --build-directory /home/fener/ros2_fener/build/fener_package/build
[5.740s] DEBUG:colcon.colcon_core.event_handler.log_command:Invoked command in '/home/fener/ros2_fener/build/fener_package' returned '0': PYTHONPATH=/home/fener/ros2_fener/install/fener_package/lib/python3.6/site-packages:${PYTHONPATH} /usr/bin/python3 setup.py develop --prefix /home/fener/ros2_fener/install/fener_package --uninstall --editable --build-directory /home/fener/ros2_fener/build/fener_package/build
[5.745s] DEBUG:colcon.colcon_core.event_handler.log_command:Invoking command in '/home/fener/ros2_fener/src/fener_package': PYTHONPATH=/home/fener/ros2_fener/install/fener_package/lib/python3.6/site-packages:${PYTHONPATH} /usr/bin/python3 setup.py egg_info --egg-base ../../build/fener_package build --build-base /home/fener/ros2_fener/build/fener_package/build install --prefix /home/fener/ros2_fener/install/fener_package --record /home/fener/ros2_fener/build/fener_package/install.log --single-version-externally-managed
[7.652s] DEBUG:colcon.colcon_core.event_handler.log_command:Invoked command in '/home/fener/ros2_fener/src/fener_package' returned '0': PYTHONPATH=/home/fener/ros2_fener/install/fener_package/lib/python3.6/site-packages:${PYTHONPATH} /usr/bin/python3 setup.py egg_info --egg-base ../../build/fener_package build --build-base /home/fener/ros2_fener/build/fener_package/build install --prefix /home/fener/ros2_fener/install/fener_package --record /home/fener/ros2_fener/build/fener_package/install.log --single-version-externally-managed
[7.682s] Level 1:colcon.colcon_core.environment:checking '/home/fener/ros2_fener/install/fener_package' for CMake module files
[7.685s] Level 1:colcon.colcon_core.environment:checking '/home/fener/ros2_fener/install/fener_package' for CMake config files
[7.690s] Level 1:colcon.colcon_core.environment:checking '/home/fener/ros2_fener/install/fener_package/lib'
[7.690s] Level 1:colcon.colcon_core.environment:checking '/home/fener/ros2_fener/install/fener_package/bin'
[7.691s] Level 1:colcon.colcon_core.environment:checking '/home/fener/ros2_fener/install/fener_package/lib/pkgconfig/fener_package.pc'
[7.691s] Level 1:colcon.colcon_core.environment:checking '/home/fener/ros2_fener/install/fener_package/lib/python3.6/site-packages'
[7.691s] Level 1:colcon.colcon_core.shell:create_environment_hook('fener_package', 'pythonpath')
[7.696s] INFO:colcon.colcon_core.shell:Creating environment hook '/home/fener/ros2_fener/install/fener_package/share/fener_package/hook/pythonpath.ps1'
[7.698s] INFO:colcon.colcon_core.shell:Creating environment descriptor '/home/fener/ros2_fener/install/fener_package/share/fener_package/hook/pythonpath.dsv'
[7.700s] INFO:colcon.colcon_core.shell:Creating environment hook '/home/fener/ros2_fener/install/fener_package/share/fener_package/hook/pythonpath.sh'
[7.701s] Level 1:colcon.colcon_core.environment:create_environment_scripts_only(fener_package)
[7.706s] INFO:colcon.colcon_core.shell:Creating package script '/home/fener/ros2_fener/install/fener_package/share/fener_package/package.ps1'
[7.717s] INFO:colcon.colcon_core.shell:Creating package descriptor '/home/fener/ros2_fener/install/fener_package/share/fener_package/package.dsv'
[7.725s] INFO:colcon.colcon_core.shell:Creating package script '/home/fener/ros2_fener/install/fener_package/share/fener_package/package.sh'
[7.733s] INFO:colcon.colcon_core.shell:Creating package script '/home/fener/ros2_fener/install/fener_package/share/fener_package/package.bash'
[7.741s] INFO:colcon.colcon_core.shell:Creating package script '/home/fener/ros2_fener/install/fener_package/share/fener_package/package.zsh'
[7.750s] Level 1:colcon.colcon_core.environment:create_file_with_runtime_dependencies(/home/fener/ros2_fener/install/fener_package/share/colcon-core/packages/fener_package)
[7.751s] DEBUG:colcon.colcon_parallel_executor.executor.parallel:closing loop
[7.753s] DEBUG:colcon.colcon_parallel_executor.executor.parallel:loop closed
[7.753s] DEBUG:colcon.colcon_parallel_executor.executor.parallel:run_until_complete finished with '0'
[7.754s] DEBUG:colcon.colcon_core.event_reactor:joining thread
[7.787s] INFO:colcon.colcon_core.plugin_system:Skipping extension 'colcon_notification.desktop_notification.terminal_notifier': Not used on non-Darwin systems
[7.787s] INFO:colcon.colcon_core.plugin_system:Skipping extension 'colcon_notification.desktop_notification.win32': Not used on non-Windows systems
[7.787s] INFO:colcon.colcon_notification.desktop_notification:Sending desktop notification using 'notify2'
[7.854s] DEBUG:colcon.colcon_core.event_reactor:joined thread
[7.859s] INFO:colcon.colcon_core.shell:Creating prefix script '/home/fener/ros2_fener/install/local_setup.ps1'
[7.869s] INFO:colcon.colcon_core.shell:Creating prefix util module '/home/fener/ros2_fener/install/_local_setup_util_ps1.py'
[7.881s] INFO:colcon.colcon_core.shell:Creating prefix chain script '/home/fener/ros2_fener/install/setup.ps1'
[7.899s] INFO:colcon.colcon_core.shell:Creating prefix script '/home/fener/ros2_fener/install/local_setup.sh'
[7.909s] INFO:colcon.colcon_core.shell:Creating prefix util module '/home/fener/ros2_fener/install/_local_setup_util_sh.py'
[7.911s] INFO:colcon.colcon_core.shell:Creating prefix chain script '/home/fener/ros2_fener/install/setup.sh'
[7.931s] INFO:colcon.colcon_core.shell:Creating prefix script '/home/fener/ros2_fener/install/local_setup.bash'
[7.936s] INFO:colcon.colcon_core.shell:Creating prefix chain script '/home/fener/ros2_fener/install/setup.bash'
[7.955s] INFO:colcon.colcon_core.shell:Creating prefix script '/home/fener/ros2_fener/install/local_setup.zsh'
[7.960s] INFO:colcon.colcon_core.shell:Creating prefix chain script '/home/fener/ros2_fener/install/setup.zsh'
