[2.581s] Invoking command in '/home/fener/ros2_fener/src/fener_package': PYTHONPATH=/home/fener/ros2_fener/install/fener_package/lib/python3.6/site-packages:${PYTHONPATH} /usr/bin/python3 setup.py egg_info --egg-base ../../build/fener_package build --build-base /home/fener/ros2_fener/build/fener_package/build install --prefix /home/fener/ros2_fener/install/fener_package --record /home/fener/ros2_fener/build/fener_package/install.log --single-version-externally-managed
[4.433s] /home/fener/.local/lib/python3.6/site-packages/setuptools/dist.py:700: UserWarning: Usage of dash-separated 'script-dir' will not be supported in future versions. Please use the underscore name 'script_dir' instead
[4.434s]   % (opt, underscore_opt))
[4.436s] /home/fener/.local/lib/python3.6/site-packages/setuptools/dist.py:700: UserWarning: Usage of dash-separated 'install-scripts' will not be supported in future versions. Please use the underscore name 'install_scripts' instead
[4.437s]   % (opt, underscore_opt))
[4.710s] running egg_info
[4.717s] writing ../../build/fener_package/fener_package.egg-info/PKG-INFO
[4.719s] writing dependency_links to ../../build/fener_package/fener_package.egg-info/dependency_links.txt
[4.721s] writing entry points to ../../build/fener_package/fener_package.egg-info/entry_points.txt
[4.722s] writing requirements to ../../build/fener_package/fener_package.egg-info/requires.txt
[4.723s] writing top-level names to ../../build/fener_package/fener_package.egg-info/top_level.txt
[4.960s] reading manifest file '../../build/fener_package/fener_package.egg-info/SOURCES.txt'
[4.970s] writing manifest file '../../build/fener_package/fener_package.egg-info/SOURCES.txt'
[4.971s] running build
[4.972s] running build_py
[4.974s] running install
[4.981s] running install_lib
[4.994s] running install_data
[4.998s] running install_egg_info
[5.009s] removing '/home/fener/ros2_fener/install/fener_package/lib/python3.6/site-packages/fener_package-0.0.0-py3.6.egg-info' (and everything under it)
[5.011s] Copying ../../build/fener_package/fener_package.egg-info to /home/fener/ros2_fener/install/fener_package/lib/python3.6/site-packages/fener_package-0.0.0-py3.6.egg-info
[5.018s] running install_scripts
[5.150s] Installing driver script to /home/fener/ros2_fener/install/fener_package/lib/fener_package
[5.153s] writing list of installed files to '/home/fener/ros2_fener/build/fener_package/install.log'
[5.320s] Invoked command in '/home/fener/ros2_fener/src/fener_package' returned '0': PYTHONPATH=/home/fener/ros2_fener/install/fener_package/lib/python3.6/site-packages:${PYTHONPATH} /usr/bin/python3 setup.py egg_info --egg-base ../../build/fener_package build --build-base /home/fener/ros2_fener/build/fener_package/build install --prefix /home/fener/ros2_fener/install/fener_package --record /home/fener/ros2_fener/build/fener_package/install.log --single-version-externally-managed
