[1.896s] Invoking command in '/home/fener/ros2_fener/src/fener_package': PYTHONPATH=/home/fener/ros2_fener/src/install/fener_package/lib/python3.6/site-packages:${PYTHONPATH} /usr/bin/python3 setup.py egg_info --egg-base ../build/fener_package build --build-base /home/fener/ros2_fener/src/build/fener_package/build install --prefix /home/fener/ros2_fener/src/install/fener_package --record /home/fener/ros2_fener/src/build/fener_package/install.log --single-version-externally-managed
[3.248s] /home/fener/.local/lib/python3.6/site-packages/setuptools/dist.py:700: UserWarning: Usage of dash-separated 'script-dir' will not be supported in future versions. Please use the underscore name 'script_dir' instead
[3.249s]   % (opt, underscore_opt))
[3.250s] /home/fener/.local/lib/python3.6/site-packages/setuptools/dist.py:700: UserWarning: Usage of dash-separated 'install-scripts' will not be supported in future versions. Please use the underscore name 'install_scripts' instead
[3.251s]   % (opt, underscore_opt))
[3.437s] running egg_info
[3.441s] creating ../build/fener_package/fener_package.egg-info
[3.441s] writing ../build/fener_package/fener_package.egg-info/PKG-INFO
[3.442s] writing dependency_links to ../build/fener_package/fener_package.egg-info/dependency_links.txt
[3.443s] writing entry points to ../build/fener_package/fener_package.egg-info/entry_points.txt
[3.444s] writing requirements to ../build/fener_package/fener_package.egg-info/requires.txt
[3.445s] writing top-level names to ../build/fener_package/fener_package.egg-info/top_level.txt
[3.446s] writing manifest file '../build/fener_package/fener_package.egg-info/SOURCES.txt'
[3.629s] reading manifest file '../build/fener_package/fener_package.egg-info/SOURCES.txt'
[3.637s] writing manifest file '../build/fener_package/fener_package.egg-info/SOURCES.txt'
[3.637s] running build
[3.639s] running build_py
[3.641s] creating /home/fener/ros2_fener/src/build/fener_package/build
[3.642s] creating /home/fener/ros2_fener/src/build/fener_package/build/lib
[3.643s] creating /home/fener/ros2_fener/src/build/fener_package/build/lib/fener_package
[3.645s] copying fener_package/__init__.py -> /home/fener/ros2_fener/src/build/fener_package/build/lib/fener_package
[3.646s] running install
[3.648s] running install_lib
[3.650s] creating /home/fener/ros2_fener/src/install/fener_package/lib/python3.6/site-packages/fener_package
[3.652s] copying /home/fener/ros2_fener/src/build/fener_package/build/lib/fener_package/__init__.py -> /home/fener/ros2_fener/src/install/fener_package/lib/python3.6/site-packages/fener_package
[3.654s] byte-compiling /home/fener/ros2_fener/src/install/fener_package/lib/python3.6/site-packages/fener_package/__init__.py to __init__.cpython-36.pyc
[3.655s] running install_data
[3.660s] creating /home/fener/ros2_fener/src/install/fener_package/share/ament_index
[3.661s] creating /home/fener/ros2_fener/src/install/fener_package/share/ament_index/resource_index
[3.663s] creating /home/fener/ros2_fener/src/install/fener_package/share/ament_index/resource_index/packages
[3.663s] copying resource/fener_package -> /home/fener/ros2_fener/src/install/fener_package/share/ament_index/resource_index/packages
[3.664s] copying package.xml -> /home/fener/ros2_fener/src/install/fener_package/share/fener_package
[3.665s] running install_egg_info
[3.677s] Copying ../build/fener_package/fener_package.egg-info to /home/fener/ros2_fener/src/install/fener_package/lib/python3.6/site-packages/fener_package-0.0.0-py3.6.egg-info
[3.686s] running install_scripts
[3.809s] writing list of installed files to '/home/fener/ros2_fener/src/build/fener_package/install.log'
[3.940s] Invoked command in '/home/fener/ros2_fener/src/fener_package' returned '0': PYTHONPATH=/home/fener/ros2_fener/src/install/fener_package/lib/python3.6/site-packages:${PYTHONPATH} /usr/bin/python3 setup.py egg_info --egg-base ../build/fener_package build --build-base /home/fener/ros2_fener/src/build/fener_package/build install --prefix /home/fener/ros2_fener/src/install/fener_package --record /home/fener/ros2_fener/src/build/fener_package/install.log --single-version-externally-managed
