[1.626s] Invoking command in '/home/fener/ros2_fener/src/fener_package': PYTHONPATH=/home/fener/ros2_fener/install/fener_package/lib/python3.6/site-packages:${PYTHONPATH} /usr/bin/python3 setup.py egg_info --egg-base ../../build/fener_package build --build-base /home/fener/ros2_fener/build/fener_package/build install --prefix /home/fener/ros2_fener/install/fener_package --record /home/fener/ros2_fener/build/fener_package/install.log --single-version-externally-managed
[2.854s] /home/fener/.local/lib/python3.6/site-packages/setuptools/dist.py:700: UserWarning: Usage of dash-separated 'script-dir' will not be supported in future versions. Please use the underscore name 'script_dir' instead
[2.854s]   % (opt, underscore_opt))
[2.855s] /home/fener/.local/lib/python3.6/site-packages/setuptools/dist.py:700: UserWarning: Usage of dash-separated 'install-scripts' will not be supported in future versions. Please use the underscore name 'install_scripts' instead
[2.856s]   % (opt, underscore_opt))
[3.026s] running egg_info
[3.029s] writing ../../build/fener_package/fener_package.egg-info/PKG-INFO
[3.031s] writing dependency_links to ../../build/fener_package/fener_package.egg-info/dependency_links.txt
[3.032s] writing entry points to ../../build/fener_package/fener_package.egg-info/entry_points.txt
[3.033s] writing requirements to ../../build/fener_package/fener_package.egg-info/requires.txt
[3.033s] writing top-level names to ../../build/fener_package/fener_package.egg-info/top_level.txt
[3.200s] reading manifest file '../../build/fener_package/fener_package.egg-info/SOURCES.txt'
[3.206s] writing manifest file '../../build/fener_package/fener_package.egg-info/SOURCES.txt'
[3.208s] running build
[3.208s] running build_py
[3.209s] copying fener_package/fener_lidar_pub_node.py -> /home/fener/ros2_fener/build/fener_package/build/lib/fener_package
[3.210s] running install
[3.212s] running install_lib
[3.215s] copying /home/fener/ros2_fener/build/fener_package/build/lib/fener_package/fener_lidar_pub_node.py -> /home/fener/ros2_fener/install/fener_package/lib/python3.6/site-packages/fener_package
[3.217s] byte-compiling /home/fener/ros2_fener/install/fener_package/lib/python3.6/site-packages/fener_package/fener_lidar_pub_node.py to fener_lidar_pub_node.cpython-36.pyc
[3.219s] running install_data
[3.221s] running install_egg_info
[3.229s] removing '/home/fener/ros2_fener/install/fener_package/lib/python3.6/site-packages/fener_package-0.0.0-py3.6.egg-info' (and everything under it)
[3.230s] Copying ../../build/fener_package/fener_package.egg-info to /home/fener/ros2_fener/install/fener_package/lib/python3.6/site-packages/fener_package-0.0.0-py3.6.egg-info
[3.234s] running install_scripts
[3.318s] Installing driver script to /home/fener/ros2_fener/install/fener_package/lib/fener_package
[3.319s] Installing lidar_pub script to /home/fener/ros2_fener/install/fener_package/lib/fener_package
[3.320s] Installing object_detector script to /home/fener/ros2_fener/install/fener_package/lib/fener_package
[3.321s] writing list of installed files to '/home/fener/ros2_fener/build/fener_package/install.log'
[3.435s] Invoked command in '/home/fener/ros2_fener/src/fener_package' returned '0': PYTHONPATH=/home/fener/ros2_fener/install/fener_package/lib/python3.6/site-packages:${PYTHONPATH} /usr/bin/python3 setup.py egg_info --egg-base ../../build/fener_package build --build-base /home/fener/ros2_fener/build/fener_package/build install --prefix /home/fener/ros2_fener/install/fener_package --record /home/fener/ros2_fener/build/fener_package/install.log --single-version-externally-managed
