[1.791s] Invoking command in '/home/fener/ros2_fener/src/fener_package': PYTHONPATH=/home/fener/ros2_fener/install/fener_package/lib/python3.6/site-packages:${PYTHONPATH} /usr/bin/python3 setup.py egg_info --egg-base ../../build/fener_package build --build-base /home/fener/ros2_fener/build/fener_package/build install --prefix /home/fener/ros2_fener/install/fener_package --record /home/fener/ros2_fener/build/fener_package/install.log --single-version-externally-managed
[3.092s] /home/fener/.local/lib/python3.6/site-packages/setuptools/dist.py:700: UserWarning: Usage of dash-separated 'script-dir' will not be supported in future versions. Please use the underscore name 'script_dir' instead
[3.093s]   % (opt, underscore_opt))
[3.095s] /home/fener/.local/lib/python3.6/site-packages/setuptools/dist.py:700: UserWarning: Usage of dash-separated 'install-scripts' will not be supported in future versions. Please use the underscore name 'install_scripts' instead
[3.096s]   % (opt, underscore_opt))
[3.287s] running egg_info
[3.297s] writing ../../build/fener_package/fener_package.egg-info/PKG-INFO
[3.299s] writing dependency_links to ../../build/fener_package/fener_package.egg-info/dependency_links.txt
[3.300s] writing entry points to ../../build/fener_package/fener_package.egg-info/entry_points.txt
[3.300s] writing requirements to ../../build/fener_package/fener_package.egg-info/requires.txt
[3.302s] writing top-level names to ../../build/fener_package/fener_package.egg-info/top_level.txt
[3.483s] reading manifest file '../../build/fener_package/fener_package.egg-info/SOURCES.txt'
[3.495s] writing manifest file '../../build/fener_package/fener_package.egg-info/SOURCES.txt'
[3.496s] running build
[3.498s] running build_py
[3.498s] copying fener_package/fener_driver_node.py -> /home/fener/ros2_fener/build/fener_package/build/lib/fener_package
[3.499s] running install
[3.501s] running install_lib
[3.505s] copying /home/fener/ros2_fener/build/fener_package/build/lib/fener_package/fener_driver_node.py -> /home/fener/ros2_fener/install/fener_package/lib/python3.6/site-packages/fener_package
[3.507s] byte-compiling /home/fener/ros2_fener/install/fener_package/lib/python3.6/site-packages/fener_package/fener_driver_node.py to fener_driver_node.cpython-36.pyc
[3.509s] running install_data
[3.512s] running install_egg_info
[3.519s] removing '/home/fener/ros2_fener/install/fener_package/lib/python3.6/site-packages/fener_package-0.0.0-py3.6.egg-info' (and everything under it)
[3.521s] Copying ../../build/fener_package/fener_package.egg-info to /home/fener/ros2_fener/install/fener_package/lib/python3.6/site-packages/fener_package-0.0.0-py3.6.egg-info
[3.525s] running install_scripts
[3.617s] Installing driver script to /home/fener/ros2_fener/install/fener_package/lib/fener_package
[3.618s] writing list of installed files to '/home/fener/ros2_fener/build/fener_package/install.log'
[3.744s] Invoked command in '/home/fener/ros2_fener/src/fener_package' returned '0': PYTHONPATH=/home/fener/ros2_fener/install/fener_package/lib/python3.6/site-packages:${PYTHONPATH} /usr/bin/python3 setup.py egg_info --egg-base ../../build/fener_package build --build-base /home/fener/ros2_fener/build/fener_package/build install --prefix /home/fener/ros2_fener/install/fener_package --record /home/fener/ros2_fener/build/fener_package/install.log --single-version-externally-managed
